{"/home/qamar/Desktop/wrap/src/app.js":{"path":"/home/qamar/Desktop/wrap/src/app.js","statementMap":{"0":{"start":{"line":1,"column":16},"end":{"line":1,"column":34}},"1":{"start":{"line":2,"column":15},"end":{"line":2,"column":44}},"2":{"start":{"line":3,"column":13},"end":{"line":3,"column":28}},"3":{"start":{"line":4,"column":15},"end":{"line":4,"column":40}},"4":{"start":{"line":5,"column":16},"end":{"line":5,"column":48}},"5":{"start":{"line":6,"column":13},"end":{"line":6,"column":51}},"6":{"start":{"line":7,"column":19},"end":{"line":7,"column":41}},"7":{"start":{"line":8,"column":21},"end":{"line":8,"column":45}},"8":{"start":{"line":10,"column":12},"end":{"line":10,"column":21}},"9":{"start":{"line":12,"column":0},"end":{"line":12,"column":48}},"10":{"start":{"line":13,"column":0},"end":{"line":13,"column":24}},"11":{"start":{"line":14,"column":0},"end":{"line":14,"column":27}},"12":{"start":{"line":15,"column":0},"end":{"line":15,"column":52}},"13":{"start":{"line":16,"column":0},"end":{"line":16,"column":30}},"14":{"start":{"line":17,"column":0},"end":{"line":19,"column":2}},"15":{"start":{"line":20,"column":0},"end":{"line":29,"column":2}},"16":{"start":{"line":31,"column":0},"end":{"line":31,"column":25}},"17":{"start":{"line":36,"column":0},"end":{"line":36,"column":16}},"18":{"start":{"line":38,"column":0},"end":{"line":44,"column":3}},"19":{"start":{"line":39,"column":2},"end":{"line":39,"column":32}},"20":{"start":{"line":40,"column":2},"end":{"line":43,"column":5}},"21":{"start":{"line":45,"column":0},"end":{"line":47,"column":3}},"22":{"start":{"line":46,"column":2},"end":{"line":46,"column":36}},"23":{"start":{"line":48,"column":0},"end":{"line":48,"column":42}},"24":{"start":{"line":50,"column":0},"end":{"line":50,"column":21}}},"fnMap":{"0":{"name":"(anonymous_0)","decl":{"start":{"line":38,"column":8},"end":{"line":38,"column":9}},"loc":{"start":{"line":38,"column":33},"end":{"line":44,"column":1}},"line":38},"1":{"name":"(anonymous_1)","decl":{"start":{"line":45,"column":8},"end":{"line":45,"column":9}},"loc":{"start":{"line":45,"column":22},"end":{"line":47,"column":1}},"line":45}},"branchMap":{"0":{"loc":{"start":{"line":39,"column":13},"end":{"line":39,"column":30}},"type":"binary-expr","locations":[{"start":{"line":39,"column":13},"end":{"line":39,"column":23}},{"start":{"line":39,"column":27},"end":{"line":39,"column":30}}],"line":39},"1":{"loc":{"start":{"line":48,"column":16},"end":{"line":48,"column":40}},"type":"binary-expr","locations":[{"start":{"line":48,"column":16},"end":{"line":48,"column":32}},{"start":{"line":48,"column":36},"end":{"line":48,"column":40}}],"line":48}},"s":{"0":0,"1":0,"2":0,"3":0,"4":0,"5":0,"6":0,"7":0,"8":0,"9":0,"10":0,"11":0,"12":0,"13":0,"14":0,"15":0,"16":0,"17":0,"18":0,"19":0,"20":0,"21":0,"22":0,"23":0,"24":0},"f":{"0":0,"1":0},"b":{"0":[0,0],"1":[0,0]}},"/home/qamar/Desktop/wrap/src/database/db_build.js":{"path":"/home/qamar/Desktop/wrap/src/database/db_build.js","statementMap":{"0":{"start":{"line":1,"column":11},"end":{"line":1,"column":24}},"1":{"start":{"line":2,"column":21},"end":{"line":2,"column":50}},"2":{"start":{"line":4,"column":12},"end":{"line":4,"column":67}},"3":{"start":{"line":6,"column":0},"end":{"line":12,"column":3}},"4":{"start":{"line":7,"column":2},"end":{"line":11,"column":3}},"5":{"start":{"line":8,"column":4},"end":{"line":8,"column":14}},"6":{"start":{"line":10,"column":4},"end":{"line":10,"column":26}}},"fnMap":{"0":{"name":"(anonymous_0)","decl":{"start":{"line":6,"column":24},"end":{"line":6,"column":25}},"loc":{"start":{"line":6,"column":38},"end":{"line":12,"column":1}},"line":6}},"branchMap":{"0":{"loc":{"start":{"line":7,"column":2},"end":{"line":11,"column":3}},"type":"if","locations":[{"start":{"line":7,"column":2},"end":{"line":11,"column":3}},{"start":{"line":7,"column":2},"end":{"line":11,"column":3}}],"line":7}},"s":{"0":0,"1":0,"2":0,"3":0,"4":0,"5":0,"6":0},"f":{"0":0},"b":{"0":[0,0]}},"/home/qamar/Desktop/wrap/src/database/db_connection.js":{"path":"/home/qamar/Desktop/wrap/src/database/db_connection.js","statementMap":{"0":{"start":{"line":1,"column":15},"end":{"line":1,"column":28}},"1":{"start":{"line":2,"column":0},"end":{"line":2,"column":32}},"2":{"start":{"line":3,"column":0},"end":{"line":5,"column":1}},"3":{"start":{"line":4,"column":2},"end":{"line":4,"column":46}},"4":{"start":{"line":7,"column":13},"end":{"line":7,"column":84}},"5":{"start":{"line":9,"column":0},"end":{"line":9,"column":22}}},"fnMap":{},"branchMap":{"0":{"loc":{"start":{"line":3,"column":0},"end":{"line":5,"column":1}},"type":"if","locations":[{"start":{"line":3,"column":0},"end":{"line":5,"column":1}},{"start":{"line":3,"column":0},"end":{"line":5,"column":1}}],"line":3}},"s":{"0":0,"1":0,"2":0,"3":0,"4":0,"5":0},"f":{},"b":{"0":[0,0]}},"/home/qamar/Desktop/wrap/src/index.js":{"path":"/home/qamar/Desktop/wrap/src/index.js","statementMap":{"0":{"start":{"line":1,"column":12},"end":{"line":1,"column":28}},"1":{"start":{"line":3,"column":0},"end":{"line":5,"column":3}},"2":{"start":{"line":4,"column":2},"end":{"line":4,"column":54}}},"fnMap":{"0":{"name":"(anonymous_0)","decl":{"start":{"line":3,"column":28},"end":{"line":3,"column":29}},"loc":{"start":{"line":3,"column":34},"end":{"line":5,"column":1}},"line":3}},"branchMap":{},"s":{"0":0,"1":0,"2":0},"f":{"0":0},"b":{}},"/home/qamar/Desktop/wrap/src/queries/helpers/index.js":{"path":"/home/qamar/Desktop/wrap/src/queries/helpers/index.js","statementMap":{"0":{"start":{"line":1,"column":0},"end":{"line":4,"column":2}}},"fnMap":{},"branchMap":{},"s":{"0":0},"f":{},"b":{}},"/home/qamar/Desktop/wrap/src/queries/helpers/projects.js":{"path":"/home/qamar/Desktop/wrap/src/queries/helpers/projects.js","statementMap":{"0":{"start":{"line":17,"column":20},"end":{"line":41,"column":1}},"1":{"start":{"line":18,"column":22},"end":{"line":22,"column":4}},"2":{"start":{"line":18,"column":31},"end":{"line":22,"column":3}},"3":{"start":{"line":23,"column":24},"end":{"line":38,"column":8}},"4":{"start":{"line":24,"column":4},"end":{"line":36,"column":5}},"5":{"start":{"line":25,"column":6},"end":{"line":25,"column":52}},"6":{"start":{"line":27,"column":6},"end":{"line":35,"column":8}},"7":{"start":{"line":37,"column":4},"end":{"line":37,"column":13}},"8":{"start":{"line":40,"column":2},"end":{"line":40,"column":73}},"9":{"start":{"line":40,"column":50},"end":{"line":40,"column":71}},"10":{"start":{"line":43,"column":0},"end":{"line":45,"column":2}}},"fnMap":{"0":{"name":"(anonymous_0)","decl":{"start":{"line":17,"column":20},"end":{"line":17,"column":21}},"loc":{"start":{"line":17,"column":29},"end":{"line":41,"column":1}},"line":17},"1":{"name":"(anonymous_1)","decl":{"start":{"line":18,"column":22},"end":{"line":18,"column":23}},"loc":{"start":{"line":18,"column":31},"end":{"line":22,"column":3}},"line":18},"2":{"name":"(anonymous_2)","decl":{"start":{"line":23,"column":35},"end":{"line":23,"column":36}},"loc":{"start":{"line":23,"column":48},"end":{"line":38,"column":3}},"line":23},"3":{"name":"(anonymous_3)","decl":{"start":{"line":40,"column":40},"end":{"line":40,"column":41}},"loc":{"start":{"line":40,"column":50},"end":{"line":40,"column":71}},"line":40}},"branchMap":{"0":{"loc":{"start":{"line":24,"column":4},"end":{"line":36,"column":5}},"type":"if","locations":[{"start":{"line":24,"column":4},"end":{"line":36,"column":5}},{"start":{"line":24,"column":4},"end":{"line":36,"column":5}}],"line":24}},"s":{"0":0,"1":0,"2":0,"3":0,"4":0,"5":0,"6":0,"7":0,"8":0,"9":0,"10":0},"f":{"0":0,"1":0,"2":0,"3":0},"b":{"0":[0,0]}},"/home/qamar/Desktop/wrap/src/queries/helpers/users.js":{"path":"/home/qamar/Desktop/wrap/src/queries/helpers/users.js","statementMap":{"0":{"start":{"line":1,"column":15},"end":{"line":1,"column":32}},"1":{"start":{"line":2,"column":16},"end":{"line":2,"column":34}},"2":{"start":{"line":4,"column":21},"end":{"line":8,"column":1}},"3":{"start":{"line":5,"column":15},"end":{"line":5,"column":37}},"4":{"start":{"line":6,"column":17},"end":{"line":6,"column":48}},"5":{"start":{"line":7,"column":2},"end":{"line":7,"column":16}},"6":{"start":{"line":10,"column":24},"end":{"line":12,"column":1}},"7":{"start":{"line":11,"column":2},"end":{"line":11,"column":44}},"8":{"start":{"line":13,"column":24},"end":{"line":28,"column":1}},"9":{"start":{"line":14,"column":13},"end":{"line":14,"column":61}},"10":{"start":{"line":15,"column":2},"end":{"line":27,"column":5}},"11":{"start":{"line":16,"column":4},"end":{"line":26,"column":5}},"12":{"start":{"line":17,"column":6},"end":{"line":17,"column":41}},"13":{"start":{"line":19,"column":17},"end":{"line":19,"column":33}},"14":{"start":{"line":20,"column":6},"end":{"line":25,"column":7}},"15":{"start":{"line":21,"column":8},"end":{"line":21,"column":43}},"16":{"start":{"line":23,"column":23},"end":{"line":23,"column":38}},"17":{"start":{"line":24,"column":8},"end":{"line":24,"column":25}},"18":{"start":{"line":30,"column":0},"end":{"line":34,"column":2}}},"fnMap":{"0":{"name":"(anonymous_0)","decl":{"start":{"line":4,"column":21},"end":{"line":4,"column":22}},"loc":{"start":{"line":4,"column":35},"end":{"line":8,"column":1}},"line":4},"1":{"name":"(anonymous_1)","decl":{"start":{"line":10,"column":24},"end":{"line":10,"column":25}},"loc":{"start":{"line":10,"column":44},"end":{"line":12,"column":1}},"line":10},"2":{"name":"(anonymous_2)","decl":{"start":{"line":13,"column":24},"end":{"line":13,"column":25}},"loc":{"start":{"line":13,"column":48},"end":{"line":28,"column":1}},"line":13},"3":{"name":"(anonymous_3)","decl":{"start":{"line":15,"column":59},"end":{"line":15,"column":60}},"loc":{"start":{"line":15,"column":84},"end":{"line":27,"column":3}},"line":15}},"branchMap":{"0":{"loc":{"start":{"line":16,"column":4},"end":{"line":26,"column":5}},"type":"if","locations":[{"start":{"line":16,"column":4},"end":{"line":26,"column":5}},{"start":{"line":16,"column":4},"end":{"line":26,"column":5}}],"line":16},"1":{"loc":{"start":{"line":20,"column":6},"end":{"line":25,"column":7}},"type":"if","locations":[{"start":{"line":20,"column":6},"end":{"line":25,"column":7}},{"start":{"line":20,"column":6},"end":{"line":25,"column":7}}],"line":20}},"s":{"0":0,"1":0,"2":0,"3":0,"4":0,"5":0,"6":0,"7":0,"8":0,"9":0,"10":0,"11":0,"12":0,"13":0,"14":0,"15":0,"16":0,"17":0,"18":0},"f":{"0":0,"1":0,"2":0,"3":0},"b":{"0":[0,0],"1":[0,0]}},"/home/qamar/Desktop/wrap/src/queries/index.js":{"path":"/home/qamar/Desktop/wrap/src/queries/index.js","statementMap":{"0":{"start":{"line":1,"column":0},"end":{"line":8,"column":2}}},"fnMap":{},"branchMap":{},"s":{"0":0},"f":{},"b":{}},"/home/qamar/Desktop/wrap/src/queries/logs.js":{"path":"/home/qamar/Desktop/wrap/src/queries/logs.js","statementMap":{"0":{"start":{"line":1,"column":19},"end":{"line":1,"column":58}},"1":{"start":{"line":2,"column":0},"end":{"line":2,"column":32}},"2":{"start":{"line":4,"column":15},"end":{"line":10,"column":1}},"3":{"start":{"line":5,"column":14},"end":{"line":8,"column":3}},"4":{"start":{"line":9,"column":2},"end":{"line":9,"column":28}},"5":{"start":{"line":12,"column":17},"end":{"line":24,"column":1}},"6":{"start":{"line":13,"column":14},"end":{"line":15,"column":25}},"7":{"start":{"line":17,"column":2},"end":{"line":23,"column":5}},"8":{"start":{"line":18,"column":4},"end":{"line":22,"column":5}},"9":{"start":{"line":19,"column":6},"end":{"line":19,"column":14}},"10":{"start":{"line":21,"column":6},"end":{"line":21,"column":25}},"11":{"start":{"line":26,"column":0},"end":{"line":29,"column":2}}},"fnMap":{"0":{"name":"(anonymous_0)","decl":{"start":{"line":4,"column":15},"end":{"line":4,"column":16}},"loc":{"start":{"line":4,"column":75},"end":{"line":10,"column":1}},"line":4},"1":{"name":"(anonymous_1)","decl":{"start":{"line":12,"column":17},"end":{"line":12,"column":18}},"loc":{"start":{"line":12,"column":36},"end":{"line":24,"column":1}},"line":12},"2":{"name":"(anonymous_2)","decl":{"start":{"line":17,"column":24},"end":{"line":17,"column":25}},"loc":{"start":{"line":17,"column":38},"end":{"line":23,"column":3}},"line":17}},"branchMap":{"0":{"loc":{"start":{"line":18,"column":4},"end":{"line":22,"column":5}},"type":"if","locations":[{"start":{"line":18,"column":4},"end":{"line":22,"column":5}},{"start":{"line":18,"column":4},"end":{"line":22,"column":5}}],"line":18}},"s":{"0":0,"1":0,"2":0,"3":0,"4":0,"5":0,"6":0,"7":0,"8":0,"9":0,"10":0,"11":0},"f":{"0":0,"1":0,"2":0},"b":{"0":[0,0]}},"/home/qamar/Desktop/wrap/src/queries/notifications.js":{"path":"/home/qamar/Desktop/wrap/src/queries/notifications.js","statementMap":{"0":{"start":{"line":1,"column":19},"end":{"line":1,"column":58}},"1":{"start":{"line":3,"column":24},"end":{"line":9,"column":1}},"2":{"start":{"line":4,"column":14},"end":{"line":7,"column":3}},"3":{"start":{"line":8,"column":2},"end":{"line":8,"column":28}},"4":{"start":{"line":12,"column":32},"end":{"line":36,"column":1}},"5":{"start":{"line":13,"column":2},"end":{"line":35,"column":5}},"6":{"start":{"line":14,"column":4},"end":{"line":34,"column":5}},"7":{"start":{"line":15,"column":6},"end":{"line":15,"column":14}},"8":{"start":{"line":17,"column":6},"end":{"line":33,"column":7}},"9":{"start":{"line":18,"column":20},"end":{"line":20,"column":10}},"10":{"start":{"line":19,"column":10},"end":{"line":19,"column":30}},"11":{"start":{"line":21,"column":22},"end":{"line":21,"column":82}},"12":{"start":{"line":22,"column":8},"end":{"line":24,"column":11}},"13":{"start":{"line":23,"column":10},"end":{"line":23,"column":37}},"14":{"start":{"line":25,"column":24},"end":{"line":25,"column":47}},"15":{"start":{"line":26,"column":20},"end":{"line":29,"column":9}},"16":{"start":{"line":30,"column":8},"end":{"line":30,"column":34}},"17":{"start":{"line":32,"column":8},"end":{"line":32,"column":17}},"18":{"start":{"line":37,"column":29},"end":{"line":43,"column":1}},"19":{"start":{"line":38,"column":14},"end":{"line":41,"column":3}},"20":{"start":{"line":42,"column":2},"end":{"line":42,"column":28}},"21":{"start":{"line":45,"column":19},"end":{"line":57,"column":1}},"22":{"start":{"line":46,"column":14},"end":{"line":49,"column":3}},"23":{"start":{"line":50,"column":2},"end":{"line":56,"column":5}},"24":{"start":{"line":51,"column":4},"end":{"line":55,"column":5}},"25":{"start":{"line":52,"column":6},"end":{"line":52,"column":16}},"26":{"start":{"line":54,"column":6},"end":{"line":54,"column":28}},"27":{"start":{"line":59,"column":23},"end":{"line":71,"column":1}},"28":{"start":{"line":60,"column":14},"end":{"line":63,"column":3}},"29":{"start":{"line":64,"column":2},"end":{"line":70,"column":5}},"30":{"start":{"line":65,"column":4},"end":{"line":69,"column":5}},"31":{"start":{"line":66,"column":6},"end":{"line":66,"column":16}},"32":{"start":{"line":68,"column":6},"end":{"line":68,"column":28}},"33":{"start":{"line":73,"column":22},"end":{"line":84,"column":1}},"34":{"start":{"line":74,"column":14},"end":{"line":76,"column":3}},"35":{"start":{"line":77,"column":2},"end":{"line":83,"column":5}},"36":{"start":{"line":78,"column":4},"end":{"line":82,"column":5}},"37":{"start":{"line":79,"column":6},"end":{"line":79,"column":14}},"38":{"start":{"line":81,"column":6},"end":{"line":81,"column":25}},"39":{"start":{"line":86,"column":0},"end":{"line":92,"column":2}}},"fnMap":{"0":{"name":"(anonymous_0)","decl":{"start":{"line":3,"column":24},"end":{"line":3,"column":25}},"loc":{"start":{"line":3,"column":55},"end":{"line":9,"column":1}},"line":3},"1":{"name":"(anonymous_1)","decl":{"start":{"line":12,"column":32},"end":{"line":12,"column":33}},"loc":{"start":{"line":12,"column":74},"end":{"line":36,"column":1}},"line":12},"2":{"name":"(anonymous_2)","decl":{"start":{"line":13,"column":42},"end":{"line":13,"column":43}},"loc":{"start":{"line":13,"column":56},"end":{"line":35,"column":3}},"line":13},"3":{"name":"(anonymous_3)","decl":{"start":{"line":18,"column":33},"end":{"line":18,"column":34}},"loc":{"start":{"line":18,"column":43},"end":{"line":20,"column":9}},"line":18},"4":{"name":"(anonymous_4)","decl":{"start":{"line":22,"column":32},"end":{"line":22,"column":33}},"loc":{"start":{"line":22,"column":43},"end":{"line":24,"column":9}},"line":22},"5":{"name":"(anonymous_5)","decl":{"start":{"line":37,"column":29},"end":{"line":37,"column":30}},"loc":{"start":{"line":37,"column":56},"end":{"line":43,"column":1}},"line":37},"6":{"name":"(anonymous_6)","decl":{"start":{"line":45,"column":19},"end":{"line":45,"column":20}},"loc":{"start":{"line":45,"column":35},"end":{"line":57,"column":1}},"line":45},"7":{"name":"(anonymous_7)","decl":{"start":{"line":50,"column":24},"end":{"line":50,"column":25}},"loc":{"start":{"line":50,"column":43},"end":{"line":56,"column":3}},"line":50},"8":{"name":"(anonymous_8)","decl":{"start":{"line":59,"column":23},"end":{"line":59,"column":24}},"loc":{"start":{"line":59,"column":39},"end":{"line":71,"column":1}},"line":59},"9":{"name":"(anonymous_9)","decl":{"start":{"line":64,"column":24},"end":{"line":64,"column":25}},"loc":{"start":{"line":64,"column":43},"end":{"line":70,"column":3}},"line":64},"10":{"name":"(anonymous_10)","decl":{"start":{"line":73,"column":22},"end":{"line":73,"column":23}},"loc":{"start":{"line":73,"column":38},"end":{"line":84,"column":1}},"line":73},"11":{"name":"(anonymous_11)","decl":{"start":{"line":77,"column":24},"end":{"line":77,"column":25}},"loc":{"start":{"line":77,"column":38},"end":{"line":83,"column":3}},"line":77}},"branchMap":{"0":{"loc":{"start":{"line":14,"column":4},"end":{"line":34,"column":5}},"type":"if","locations":[{"start":{"line":14,"column":4},"end":{"line":34,"column":5}},{"start":{"line":14,"column":4},"end":{"line":34,"column":5}}],"line":14},"1":{"loc":{"start":{"line":17,"column":6},"end":{"line":33,"column":7}},"type":"if","locations":[{"start":{"line":17,"column":6},"end":{"line":33,"column":7}},{"start":{"line":17,"column":6},"end":{"line":33,"column":7}}],"line":17},"2":{"loc":{"start":{"line":51,"column":4},"end":{"line":55,"column":5}},"type":"if","locations":[{"start":{"line":51,"column":4},"end":{"line":55,"column":5}},{"start":{"line":51,"column":4},"end":{"line":55,"column":5}}],"line":51},"3":{"loc":{"start":{"line":65,"column":4},"end":{"line":69,"column":5}},"type":"if","locations":[{"start":{"line":65,"column":4},"end":{"line":69,"column":5}},{"start":{"line":65,"column":4},"end":{"line":69,"column":5}}],"line":65},"4":{"loc":{"start":{"line":78,"column":4},"end":{"line":82,"column":5}},"type":"if","locations":[{"start":{"line":78,"column":4},"end":{"line":82,"column":5}},{"start":{"line":78,"column":4},"end":{"line":82,"column":5}}],"line":78}},"s":{"0":0,"1":0,"2":0,"3":0,"4":0,"5":0,"6":0,"7":0,"8":0,"9":0,"10":0,"11":0,"12":0,"13":0,"14":0,"15":0,"16":0,"17":0,"18":0,"19":0,"20":0,"21":0,"22":0,"23":0,"24":0,"25":0,"26":0,"27":0,"28":0,"29":0,"30":0,"31":0,"32":0,"33":0,"34":0,"35":0,"36":0,"37":0,"38":0,"39":0},"f":{"0":0,"1":0,"2":0,"3":0,"4":0,"5":0,"6":0,"7":0,"8":0,"9":0,"10":0,"11":0},"b":{"0":[0,0],"1":[0,0],"2":[0,0],"3":[0,0],"4":[0,0]}},"/home/qamar/Desktop/wrap/src/queries/projects.js":{"path":"/home/qamar/Desktop/wrap/src/queries/projects.js","statementMap":{"0":{"start":{"line":1,"column":19},"end":{"line":1,"column":58}},"1":{"start":{"line":2,"column":0},"end":{"line":2,"column":32}},"2":{"start":{"line":4,"column":27},"end":{"line":16,"column":1}},"3":{"start":{"line":5,"column":14},"end":{"line":7,"column":22}},"4":{"start":{"line":9,"column":2},"end":{"line":15,"column":5}},"5":{"start":{"line":10,"column":4},"end":{"line":14,"column":5}},"6":{"start":{"line":11,"column":6},"end":{"line":11,"column":14}},"7":{"start":{"line":13,"column":6},"end":{"line":13,"column":25}},"8":{"start":{"line":18,"column":22},"end":{"line":30,"column":1}},"9":{"start":{"line":19,"column":14},"end":{"line":22,"column":3}},"10":{"start":{"line":23,"column":2},"end":{"line":29,"column":5}},"11":{"start":{"line":24,"column":4},"end":{"line":28,"column":5}},"12":{"start":{"line":25,"column":6},"end":{"line":25,"column":14}},"13":{"start":{"line":27,"column":6},"end":{"line":27,"column":25}},"14":{"start":{"line":32,"column":26},"end":{"line":44,"column":1}},"15":{"start":{"line":33,"column":14},"end":{"line":36,"column":3}},"16":{"start":{"line":37,"column":2},"end":{"line":43,"column":5}},"17":{"start":{"line":38,"column":4},"end":{"line":42,"column":5}},"18":{"start":{"line":39,"column":6},"end":{"line":39,"column":14}},"19":{"start":{"line":41,"column":6},"end":{"line":41,"column":28}},"20":{"start":{"line":46,"column":28},"end":{"line":58,"column":1}},"21":{"start":{"line":47,"column":14},"end":{"line":49,"column":22}},"22":{"start":{"line":51,"column":2},"end":{"line":57,"column":5}},"23":{"start":{"line":52,"column":4},"end":{"line":56,"column":5}},"24":{"start":{"line":53,"column":6},"end":{"line":53,"column":14}},"25":{"start":{"line":55,"column":6},"end":{"line":55,"column":25}},"26":{"start":{"line":60,"column":23},"end":{"line":72,"column":1}},"27":{"start":{"line":61,"column":14},"end":{"line":63,"column":22}},"28":{"start":{"line":65,"column":2},"end":{"line":71,"column":5}},"29":{"start":{"line":66,"column":4},"end":{"line":70,"column":5}},"30":{"start":{"line":67,"column":6},"end":{"line":67,"column":14}},"31":{"start":{"line":69,"column":6},"end":{"line":69,"column":20}},"32":{"start":{"line":74,"column":23},"end":{"line":86,"column":1}},"33":{"start":{"line":75,"column":14},"end":{"line":78,"column":3}},"34":{"start":{"line":79,"column":2},"end":{"line":85,"column":5}},"35":{"start":{"line":80,"column":4},"end":{"line":84,"column":5}},"36":{"start":{"line":81,"column":6},"end":{"line":81,"column":14}},"37":{"start":{"line":83,"column":6},"end":{"line":83,"column":20}},"38":{"start":{"line":88,"column":15},"end":{"line":100,"column":1}},"39":{"start":{"line":89,"column":14},"end":{"line":92,"column":3}},"40":{"start":{"line":93,"column":2},"end":{"line":99,"column":5}},"41":{"start":{"line":94,"column":4},"end":{"line":98,"column":5}},"42":{"start":{"line":95,"column":6},"end":{"line":95,"column":16}},"43":{"start":{"line":97,"column":6},"end":{"line":97,"column":27}},"44":{"start":{"line":102,"column":27},"end":{"line":114,"column":1}},"45":{"start":{"line":103,"column":14},"end":{"line":106,"column":3}},"46":{"start":{"line":107,"column":2},"end":{"line":113,"column":5}},"47":{"start":{"line":108,"column":4},"end":{"line":112,"column":5}},"48":{"start":{"line":109,"column":6},"end":{"line":109,"column":14}},"49":{"start":{"line":111,"column":6},"end":{"line":111,"column":20}},"50":{"start":{"line":116,"column":25},"end":{"line":128,"column":1}},"51":{"start":{"line":117,"column":14},"end":{"line":120,"column":3}},"52":{"start":{"line":121,"column":2},"end":{"line":127,"column":5}},"53":{"start":{"line":122,"column":4},"end":{"line":126,"column":5}},"54":{"start":{"line":123,"column":6},"end":{"line":123,"column":14}},"55":{"start":{"line":125,"column":6},"end":{"line":125,"column":25}},"56":{"start":{"line":130,"column":31},"end":{"line":142,"column":1}},"57":{"start":{"line":131,"column":14},"end":{"line":134,"column":3}},"58":{"start":{"line":135,"column":2},"end":{"line":141,"column":5}},"59":{"start":{"line":136,"column":4},"end":{"line":140,"column":5}},"60":{"start":{"line":137,"column":6},"end":{"line":137,"column":14}},"61":{"start":{"line":139,"column":6},"end":{"line":139,"column":25}},"62":{"start":{"line":144,"column":18},"end":{"line":167,"column":1}},"63":{"start":{"line":145,"column":2},"end":{"line":166,"column":5}},"64":{"start":{"line":146,"column":4},"end":{"line":165,"column":5}},"65":{"start":{"line":147,"column":6},"end":{"line":147,"column":14}},"66":{"start":{"line":149,"column":6},"end":{"line":164,"column":7}},"67":{"start":{"line":151,"column":8},"end":{"line":151,"column":63}},"68":{"start":{"line":153,"column":20},"end":{"line":156,"column":9}},"69":{"start":{"line":157,"column":8},"end":{"line":163,"column":11}},"70":{"start":{"line":158,"column":10},"end":{"line":162,"column":11}},"71":{"start":{"line":159,"column":12},"end":{"line":159,"column":22}},"72":{"start":{"line":161,"column":12},"end":{"line":161,"column":34}},"73":{"start":{"line":169,"column":19},"end":{"line":193,"column":1}},"74":{"start":{"line":170,"column":14},"end":{"line":173,"column":3}},"75":{"start":{"line":174,"column":2},"end":{"line":192,"column":5}},"76":{"start":{"line":175,"column":4},"end":{"line":191,"column":5}},"77":{"start":{"line":176,"column":6},"end":{"line":176,"column":16}},"78":{"start":{"line":178,"column":6},"end":{"line":190,"column":9}},"79":{"start":{"line":179,"column":8},"end":{"line":189,"column":9}},"80":{"start":{"line":180,"column":10},"end":{"line":180,"column":18}},"81":{"start":{"line":182,"column":10},"end":{"line":188,"column":13}},"82":{"start":{"line":183,"column":12},"end":{"line":187,"column":13}},"83":{"start":{"line":184,"column":14},"end":{"line":184,"column":22}},"84":{"start":{"line":186,"column":14},"end":{"line":186,"column":40}},"85":{"start":{"line":195,"column":27},"end":{"line":206,"column":1}},"86":{"start":{"line":196,"column":14},"end":{"line":198,"column":25}},"87":{"start":{"line":199,"column":2},"end":{"line":205,"column":5}},"88":{"start":{"line":200,"column":4},"end":{"line":204,"column":5}},"89":{"start":{"line":201,"column":6},"end":{"line":201,"column":14}},"90":{"start":{"line":203,"column":6},"end":{"line":203,"column":20}},"91":{"start":{"line":208,"column":26},"end":{"line":219,"column":1}},"92":{"start":{"line":209,"column":14},"end":{"line":211,"column":25}},"93":{"start":{"line":212,"column":2},"end":{"line":218,"column":5}},"94":{"start":{"line":213,"column":4},"end":{"line":217,"column":5}},"95":{"start":{"line":214,"column":6},"end":{"line":214,"column":14}},"96":{"start":{"line":216,"column":6},"end":{"line":216,"column":20}},"97":{"start":{"line":221,"column":24},"end":{"line":226,"column":1}},"98":{"start":{"line":222,"column":14},"end":{"line":224,"column":31}},"99":{"start":{"line":225,"column":2},"end":{"line":225,"column":28}},"100":{"start":{"line":230,"column":30},"end":{"line":249,"column":1}},"101":{"start":{"line":231,"column":14},"end":{"line":233,"column":25}},"102":{"start":{"line":234,"column":2},"end":{"line":248,"column":5}},"103":{"start":{"line":235,"column":4},"end":{"line":247,"column":5}},"104":{"start":{"line":236,"column":6},"end":{"line":236,"column":14}},"105":{"start":{"line":238,"column":25},"end":{"line":240,"column":11}},"106":{"start":{"line":239,"column":8},"end":{"line":239,"column":45}},"107":{"start":{"line":241,"column":17},"end":{"line":241,"column":47}},"108":{"start":{"line":242,"column":6},"end":{"line":242,"column":33}},"109":{"start":{"line":243,"column":19},"end":{"line":245,"column":34}},"110":{"start":{"line":246,"column":6},"end":{"line":246,"column":33}},"111":{"start":{"line":251,"column":29},"end":{"line":270,"column":1}},"112":{"start":{"line":252,"column":14},"end":{"line":254,"column":24}},"113":{"start":{"line":255,"column":2},"end":{"line":269,"column":5}},"114":{"start":{"line":256,"column":4},"end":{"line":268,"column":5}},"115":{"start":{"line":257,"column":6},"end":{"line":257,"column":14}},"116":{"start":{"line":259,"column":25},"end":{"line":261,"column":11}},"117":{"start":{"line":260,"column":8},"end":{"line":260,"column":45}},"118":{"start":{"line":262,"column":17},"end":{"line":262,"column":47}},"119":{"start":{"line":263,"column":6},"end":{"line":263,"column":33}},"120":{"start":{"line":264,"column":19},"end":{"line":266,"column":33}},"121":{"start":{"line":267,"column":6},"end":{"line":267,"column":33}},"122":{"start":{"line":272,"column":27},"end":{"line":311,"column":1}},"123":{"start":{"line":273,"column":14},"end":{"line":276,"column":3}},"124":{"start":{"line":277,"column":2},"end":{"line":310,"column":5}},"125":{"start":{"line":278,"column":4},"end":{"line":309,"column":5}},"126":{"start":{"line":279,"column":6},"end":{"line":279,"column":14}},"127":{"start":{"line":281,"column":18},"end":{"line":281,"column":19}},"128":{"start":{"line":282,"column":20},"end":{"line":287,"column":11}},"129":{"start":{"line":283,"column":8},"end":{"line":285,"column":9}},"130":{"start":{"line":284,"column":10},"end":{"line":284,"column":21}},"131":{"start":{"line":286,"column":8},"end":{"line":286,"column":21}},"132":{"start":{"line":288,"column":16},"end":{"line":288,"column":49}},"133":{"start":{"line":289,"column":6},"end":{"line":289,"column":33}},"134":{"start":{"line":290,"column":19},"end":{"line":292,"column":31}},"135":{"start":{"line":293,"column":6},"end":{"line":308,"column":9}},"136":{"start":{"line":294,"column":8},"end":{"line":307,"column":9}},"137":{"start":{"line":295,"column":10},"end":{"line":295,"column":18}},"138":{"start":{"line":297,"column":23},"end":{"line":300,"column":11}},"139":{"start":{"line":301,"column":10},"end":{"line":306,"column":13}},"140":{"start":{"line":302,"column":12},"end":{"line":304,"column":13}},"141":{"start":{"line":303,"column":14},"end":{"line":303,"column":22}},"142":{"start":{"line":305,"column":12},"end":{"line":305,"column":46}},"143":{"start":{"line":313,"column":0},"end":{"line":330,"column":2}}},"fnMap":{"0":{"name":"(anonymous_0)","decl":{"start":{"line":4,"column":27},"end":{"line":4,"column":28}},"loc":{"start":{"line":4,"column":43},"end":{"line":16,"column":1}},"line":4},"1":{"name":"(anonymous_1)","decl":{"start":{"line":9,"column":24},"end":{"line":9,"column":25}},"loc":{"start":{"line":9,"column":38},"end":{"line":15,"column":3}},"line":9},"2":{"name":"(anonymous_2)","decl":{"start":{"line":18,"column":22},"end":{"line":18,"column":23}},"loc":{"start":{"line":18,"column":41},"end":{"line":30,"column":1}},"line":18},"3":{"name":"(anonymous_3)","decl":{"start":{"line":23,"column":24},"end":{"line":23,"column":25}},"loc":{"start":{"line":23,"column":38},"end":{"line":29,"column":3}},"line":23},"4":{"name":"(anonymous_4)","decl":{"start":{"line":32,"column":26},"end":{"line":32,"column":27}},"loc":{"start":{"line":32,"column":45},"end":{"line":44,"column":1}},"line":32},"5":{"name":"(anonymous_5)","decl":{"start":{"line":37,"column":24},"end":{"line":37,"column":25}},"loc":{"start":{"line":37,"column":38},"end":{"line":43,"column":3}},"line":37},"6":{"name":"(anonymous_6)","decl":{"start":{"line":46,"column":28},"end":{"line":46,"column":29}},"loc":{"start":{"line":46,"column":44},"end":{"line":58,"column":1}},"line":46},"7":{"name":"(anonymous_7)","decl":{"start":{"line":51,"column":24},"end":{"line":51,"column":25}},"loc":{"start":{"line":51,"column":38},"end":{"line":57,"column":3}},"line":51},"8":{"name":"(anonymous_8)","decl":{"start":{"line":60,"column":23},"end":{"line":60,"column":24}},"loc":{"start":{"line":60,"column":39},"end":{"line":72,"column":1}},"line":60},"9":{"name":"(anonymous_9)","decl":{"start":{"line":65,"column":24},"end":{"line":65,"column":25}},"loc":{"start":{"line":65,"column":38},"end":{"line":71,"column":3}},"line":65},"10":{"name":"(anonymous_10)","decl":{"start":{"line":74,"column":23},"end":{"line":74,"column":24}},"loc":{"start":{"line":74,"column":39},"end":{"line":86,"column":1}},"line":74},"11":{"name":"(anonymous_11)","decl":{"start":{"line":79,"column":24},"end":{"line":79,"column":25}},"loc":{"start":{"line":79,"column":38},"end":{"line":85,"column":3}},"line":79},"12":{"name":"(anonymous_12)","decl":{"start":{"line":88,"column":15},"end":{"line":88,"column":16}},"loc":{"start":{"line":88,"column":51},"end":{"line":100,"column":1}},"line":88},"13":{"name":"(anonymous_13)","decl":{"start":{"line":93,"column":24},"end":{"line":93,"column":25}},"loc":{"start":{"line":93,"column":43},"end":{"line":99,"column":3}},"line":93},"14":{"name":"(anonymous_14)","decl":{"start":{"line":102,"column":27},"end":{"line":102,"column":28}},"loc":{"start":{"line":102,"column":54},"end":{"line":114,"column":1}},"line":102},"15":{"name":"(anonymous_15)","decl":{"start":{"line":107,"column":24},"end":{"line":107,"column":25}},"loc":{"start":{"line":107,"column":38},"end":{"line":113,"column":3}},"line":107},"16":{"name":"(anonymous_16)","decl":{"start":{"line":116,"column":25},"end":{"line":116,"column":26}},"loc":{"start":{"line":116,"column":51},"end":{"line":128,"column":1}},"line":116},"17":{"name":"(anonymous_17)","decl":{"start":{"line":121,"column":24},"end":{"line":121,"column":25}},"loc":{"start":{"line":121,"column":38},"end":{"line":127,"column":3}},"line":121},"18":{"name":"(anonymous_18)","decl":{"start":{"line":130,"column":31},"end":{"line":130,"column":32}},"loc":{"start":{"line":130,"column":50},"end":{"line":142,"column":1}},"line":130},"19":{"name":"(anonymous_19)","decl":{"start":{"line":135,"column":24},"end":{"line":135,"column":25}},"loc":{"start":{"line":135,"column":38},"end":{"line":141,"column":3}},"line":135},"20":{"name":"(anonymous_20)","decl":{"start":{"line":144,"column":18},"end":{"line":144,"column":19}},"loc":{"start":{"line":144,"column":51},"end":{"line":167,"column":1}},"line":144},"21":{"name":"(anonymous_21)","decl":{"start":{"line":145,"column":40},"end":{"line":145,"column":41}},"loc":{"start":{"line":145,"column":54},"end":{"line":166,"column":3}},"line":145},"22":{"name":"(anonymous_22)","decl":{"start":{"line":157,"column":30},"end":{"line":157,"column":31}},"loc":{"start":{"line":157,"column":49},"end":{"line":163,"column":9}},"line":157},"23":{"name":"(anonymous_23)","decl":{"start":{"line":169,"column":19},"end":{"line":169,"column":20}},"loc":{"start":{"line":169,"column":68},"end":{"line":193,"column":1}},"line":169},"24":{"name":"(anonymous_24)","decl":{"start":{"line":174,"column":24},"end":{"line":174,"column":25}},"loc":{"start":{"line":174,"column":44},"end":{"line":192,"column":3}},"line":174},"25":{"name":"(anonymous_25)","decl":{"start":{"line":178,"column":53},"end":{"line":178,"column":54}},"loc":{"start":{"line":178,"column":67},"end":{"line":190,"column":7}},"line":178},"26":{"name":"(anonymous_26)","decl":{"start":{"line":182,"column":44},"end":{"line":182,"column":45}},"loc":{"start":{"line":182,"column":60},"end":{"line":188,"column":11}},"line":182},"27":{"name":"(anonymous_27)","decl":{"start":{"line":195,"column":27},"end":{"line":195,"column":28}},"loc":{"start":{"line":195,"column":46},"end":{"line":206,"column":1}},"line":195},"28":{"name":"(anonymous_28)","decl":{"start":{"line":199,"column":24},"end":{"line":199,"column":25}},"loc":{"start":{"line":199,"column":38},"end":{"line":205,"column":3}},"line":199},"29":{"name":"(anonymous_29)","decl":{"start":{"line":208,"column":26},"end":{"line":208,"column":27}},"loc":{"start":{"line":208,"column":45},"end":{"line":219,"column":1}},"line":208},"30":{"name":"(anonymous_30)","decl":{"start":{"line":212,"column":24},"end":{"line":212,"column":25}},"loc":{"start":{"line":212,"column":38},"end":{"line":218,"column":3}},"line":212},"31":{"name":"(anonymous_31)","decl":{"start":{"line":221,"column":24},"end":{"line":221,"column":25}},"loc":{"start":{"line":221,"column":49},"end":{"line":226,"column":1}},"line":221},"32":{"name":"(anonymous_32)","decl":{"start":{"line":230,"column":30},"end":{"line":230,"column":31}},"loc":{"start":{"line":230,"column":49},"end":{"line":249,"column":1}},"line":230},"33":{"name":"(anonymous_33)","decl":{"start":{"line":234,"column":24},"end":{"line":234,"column":25}},"loc":{"start":{"line":234,"column":38},"end":{"line":248,"column":3}},"line":234},"34":{"name":"(anonymous_34)","decl":{"start":{"line":238,"column":41},"end":{"line":238,"column":42}},"loc":{"start":{"line":238,"column":65},"end":{"line":240,"column":7}},"line":238},"35":{"name":"(anonymous_35)","decl":{"start":{"line":251,"column":29},"end":{"line":251,"column":30}},"loc":{"start":{"line":251,"column":47},"end":{"line":270,"column":1}},"line":251},"36":{"name":"(anonymous_36)","decl":{"start":{"line":255,"column":24},"end":{"line":255,"column":25}},"loc":{"start":{"line":255,"column":38},"end":{"line":269,"column":3}},"line":255},"37":{"name":"(anonymous_37)","decl":{"start":{"line":259,"column":41},"end":{"line":259,"column":42}},"loc":{"start":{"line":259,"column":62},"end":{"line":261,"column":7}},"line":259},"38":{"name":"(anonymous_38)","decl":{"start":{"line":272,"column":27},"end":{"line":272,"column":28}},"loc":{"start":{"line":272,"column":43},"end":{"line":311,"column":1}},"line":272},"39":{"name":"(anonymous_39)","decl":{"start":{"line":277,"column":24},"end":{"line":277,"column":25}},"loc":{"start":{"line":277,"column":38},"end":{"line":310,"column":3}},"line":277},"40":{"name":"(anonymous_40)","decl":{"start":{"line":282,"column":36},"end":{"line":282,"column":37}},"loc":{"start":{"line":282,"column":57},"end":{"line":287,"column":7}},"line":282},"41":{"name":"(anonymous_41)","decl":{"start":{"line":293,"column":29},"end":{"line":293,"column":30}},"loc":{"start":{"line":293,"column":46},"end":{"line":308,"column":7}},"line":293},"42":{"name":"(anonymous_42)","decl":{"start":{"line":301,"column":33},"end":{"line":301,"column":34}},"loc":{"start":{"line":301,"column":51},"end":{"line":306,"column":11}},"line":301}},"branchMap":{"0":{"loc":{"start":{"line":10,"column":4},"end":{"line":14,"column":5}},"type":"if","locations":[{"start":{"line":10,"column":4},"end":{"line":14,"column":5}},{"start":{"line":10,"column":4},"end":{"line":14,"column":5}}],"line":10},"1":{"loc":{"start":{"line":24,"column":4},"end":{"line":28,"column":5}},"type":"if","locations":[{"start":{"line":24,"column":4},"end":{"line":28,"column":5}},{"start":{"line":24,"column":4},"end":{"line":28,"column":5}}],"line":24},"2":{"loc":{"start":{"line":38,"column":4},"end":{"line":42,"column":5}},"type":"if","locations":[{"start":{"line":38,"column":4},"end":{"line":42,"column":5}},{"start":{"line":38,"column":4},"end":{"line":42,"column":5}}],"line":38},"3":{"loc":{"start":{"line":52,"column":4},"end":{"line":56,"column":5}},"type":"if","locations":[{"start":{"line":52,"column":4},"end":{"line":56,"column":5}},{"start":{"line":52,"column":4},"end":{"line":56,"column":5}}],"line":52},"4":{"loc":{"start":{"line":66,"column":4},"end":{"line":70,"column":5}},"type":"if","locations":[{"start":{"line":66,"column":4},"end":{"line":70,"column":5}},{"start":{"line":66,"column":4},"end":{"line":70,"column":5}}],"line":66},"5":{"loc":{"start":{"line":80,"column":4},"end":{"line":84,"column":5}},"type":"if","locations":[{"start":{"line":80,"column":4},"end":{"line":84,"column":5}},{"start":{"line":80,"column":4},"end":{"line":84,"column":5}}],"line":80},"6":{"loc":{"start":{"line":94,"column":4},"end":{"line":98,"column":5}},"type":"if","locations":[{"start":{"line":94,"column":4},"end":{"line":98,"column":5}},{"start":{"line":94,"column":4},"end":{"line":98,"column":5}}],"line":94},"7":{"loc":{"start":{"line":108,"column":4},"end":{"line":112,"column":5}},"type":"if","locations":[{"start":{"line":108,"column":4},"end":{"line":112,"column":5}},{"start":{"line":108,"column":4},"end":{"line":112,"column":5}}],"line":108},"8":{"loc":{"start":{"line":122,"column":4},"end":{"line":126,"column":5}},"type":"if","locations":[{"start":{"line":122,"column":4},"end":{"line":126,"column":5}},{"start":{"line":122,"column":4},"end":{"line":126,"column":5}}],"line":122},"9":{"loc":{"start":{"line":136,"column":4},"end":{"line":140,"column":5}},"type":"if","locations":[{"start":{"line":136,"column":4},"end":{"line":140,"column":5}},{"start":{"line":136,"column":4},"end":{"line":140,"column":5}}],"line":136},"10":{"loc":{"start":{"line":146,"column":4},"end":{"line":165,"column":5}},"type":"if","locations":[{"start":{"line":146,"column":4},"end":{"line":165,"column":5}},{"start":{"line":146,"column":4},"end":{"line":165,"column":5}}],"line":146},"11":{"loc":{"start":{"line":149,"column":6},"end":{"line":164,"column":7}},"type":"if","locations":[{"start":{"line":149,"column":6},"end":{"line":164,"column":7}},{"start":{"line":149,"column":6},"end":{"line":164,"column":7}}],"line":149},"12":{"loc":{"start":{"line":158,"column":10},"end":{"line":162,"column":11}},"type":"if","locations":[{"start":{"line":158,"column":10},"end":{"line":162,"column":11}},{"start":{"line":158,"column":10},"end":{"line":162,"column":11}}],"line":158},"13":{"loc":{"start":{"line":175,"column":4},"end":{"line":191,"column":5}},"type":"if","locations":[{"start":{"line":175,"column":4},"end":{"line":191,"column":5}},{"start":{"line":175,"column":4},"end":{"line":191,"column":5}}],"line":175},"14":{"loc":{"start":{"line":179,"column":8},"end":{"line":189,"column":9}},"type":"if","locations":[{"start":{"line":179,"column":8},"end":{"line":189,"column":9}},{"start":{"line":179,"column":8},"end":{"line":189,"column":9}}],"line":179},"15":{"loc":{"start":{"line":183,"column":12},"end":{"line":187,"column":13}},"type":"if","locations":[{"start":{"line":183,"column":12},"end":{"line":187,"column":13}},{"start":{"line":183,"column":12},"end":{"line":187,"column":13}}],"line":183},"16":{"loc":{"start":{"line":200,"column":4},"end":{"line":204,"column":5}},"type":"if","locations":[{"start":{"line":200,"column":4},"end":{"line":204,"column":5}},{"start":{"line":200,"column":4},"end":{"line":204,"column":5}}],"line":200},"17":{"loc":{"start":{"line":213,"column":4},"end":{"line":217,"column":5}},"type":"if","locations":[{"start":{"line":213,"column":4},"end":{"line":217,"column":5}},{"start":{"line":213,"column":4},"end":{"line":217,"column":5}}],"line":213},"18":{"loc":{"start":{"line":235,"column":4},"end":{"line":247,"column":5}},"type":"if","locations":[{"start":{"line":235,"column":4},"end":{"line":247,"column":5}},{"start":{"line":235,"column":4},"end":{"line":247,"column":5}}],"line":235},"19":{"loc":{"start":{"line":242,"column":12},"end":{"line":242,"column":32}},"type":"cond-expr","locations":[{"start":{"line":242,"column":25},"end":{"line":242,"column":26}},{"start":{"line":242,"column":29},"end":{"line":242,"column":32}}],"line":242},"20":{"loc":{"start":{"line":256,"column":4},"end":{"line":268,"column":5}},"type":"if","locations":[{"start":{"line":256,"column":4},"end":{"line":268,"column":5}},{"start":{"line":256,"column":4},"end":{"line":268,"column":5}}],"line":256},"21":{"loc":{"start":{"line":263,"column":12},"end":{"line":263,"column":32}},"type":"cond-expr","locations":[{"start":{"line":263,"column":25},"end":{"line":263,"column":26}},{"start":{"line":263,"column":29},"end":{"line":263,"column":32}}],"line":263},"22":{"loc":{"start":{"line":278,"column":4},"end":{"line":309,"column":5}},"type":"if","locations":[{"start":{"line":278,"column":4},"end":{"line":309,"column":5}},{"start":{"line":278,"column":4},"end":{"line":309,"column":5}}],"line":278},"23":{"loc":{"start":{"line":283,"column":8},"end":{"line":285,"column":9}},"type":"if","locations":[{"start":{"line":283,"column":8},"end":{"line":285,"column":9}},{"start":{"line":283,"column":8},"end":{"line":285,"column":9}}],"line":283},"24":{"loc":{"start":{"line":289,"column":12},"end":{"line":289,"column":32}},"type":"cond-expr","locations":[{"start":{"line":289,"column":25},"end":{"line":289,"column":26}},{"start":{"line":289,"column":29},"end":{"line":289,"column":32}}],"line":289},"25":{"loc":{"start":{"line":294,"column":8},"end":{"line":307,"column":9}},"type":"if","locations":[{"start":{"line":294,"column":8},"end":{"line":307,"column":9}},{"start":{"line":294,"column":8},"end":{"line":307,"column":9}}],"line":294},"26":{"loc":{"start":{"line":302,"column":12},"end":{"line":304,"column":13}},"type":"if","locations":[{"start":{"line":302,"column":12},"end":{"line":304,"column":13}},{"start":{"line":302,"column":12},"end":{"line":304,"column":13}}],"line":302}},"s":{"0":0,"1":0,"2":0,"3":0,"4":0,"5":0,"6":0,"7":0,"8":0,"9":0,"10":0,"11":0,"12":0,"13":0,"14":0,"15":0,"16":0,"17":0,"18":0,"19":0,"20":0,"21":0,"22":0,"23":0,"24":0,"25":0,"26":0,"27":0,"28":0,"29":0,"30":0,"31":0,"32":0,"33":0,"34":0,"35":0,"36":0,"37":0,"38":0,"39":0,"40":0,"41":0,"42":0,"43":0,"44":0,"45":0,"46":0,"47":0,"48":0,"49":0,"50":0,"51":0,"52":0,"53":0,"54":0,"55":0,"56":0,"57":0,"58":0,"59":0,"60":0,"61":0,"62":0,"63":0,"64":0,"65":0,"66":0,"67":0,"68":0,"69":0,"70":0,"71":0,"72":0,"73":0,"74":0,"75":0,"76":0,"77":0,"78":0,"79":0,"80":0,"81":0,"82":0,"83":0,"84":0,"85":0,"86":0,"87":0,"88":0,"89":0,"90":0,"91":0,"92":0,"93":0,"94":0,"95":0,"96":0,"97":0,"98":0,"99":0,"100":0,"101":0,"102":0,"103":0,"104":0,"105":0,"106":0,"107":0,"108":0,"109":0,"110":0,"111":0,"112":0,"113":0,"114":0,"115":0,"116":0,"117":0,"118":0,"119":0,"120":0,"121":0,"122":0,"123":0,"124":0,"125":0,"126":0,"127":0,"128":0,"129":0,"130":0,"131":0,"132":0,"133":0,"134":0,"135":0,"136":0,"137":0,"138":0,"139":0,"140":0,"141":0,"142":0,"143":0},"f":{"0":0,"1":0,"2":0,"3":0,"4":0,"5":0,"6":0,"7":0,"8":0,"9":0,"10":0,"11":0,"12":0,"13":0,"14":0,"15":0,"16":0,"17":0,"18":0,"19":0,"20":0,"21":0,"22":0,"23":0,"24":0,"25":0,"26":0,"27":0,"28":0,"29":0,"30":0,"31":0,"32":0,"33":0,"34":0,"35":0,"36":0,"37":0,"38":0,"39":0,"40":0,"41":0,"42":0},"b":{"0":[0,0],"1":[0,0],"2":[0,0],"3":[0,0],"4":[0,0],"5":[0,0],"6":[0,0],"7":[0,0],"8":[0,0],"9":[0,0],"10":[0,0],"11":[0,0],"12":[0,0],"13":[0,0],"14":[0,0],"15":[0,0],"16":[0,0],"17":[0,0],"18":[0,0],"19":[0,0],"20":[0,0],"21":[0,0],"22":[0,0],"23":[0,0],"24":[0,0],"25":[0,0],"26":[0,0]}},"/home/qamar/Desktop/wrap/src/queries/sprints.js":{"path":"/home/qamar/Desktop/wrap/src/queries/sprints.js","statementMap":{"0":{"start":{"line":1,"column":19},"end":{"line":1,"column":58}},"1":{"start":{"line":2,"column":0},"end":{"line":2,"column":32}},"2":{"start":{"line":3,"column":16},"end":{"line":3,"column":45}},"3":{"start":{"line":5,"column":22},"end":{"line":16,"column":1}},"4":{"start":{"line":6,"column":14},"end":{"line":8,"column":25}},"5":{"start":{"line":9,"column":2},"end":{"line":15,"column":5}},"6":{"start":{"line":10,"column":4},"end":{"line":14,"column":5}},"7":{"start":{"line":11,"column":6},"end":{"line":11,"column":14}},"8":{"start":{"line":13,"column":6},"end":{"line":13,"column":25}},"9":{"start":{"line":18,"column":23},"end":{"line":29,"column":1}},"10":{"start":{"line":19,"column":14},"end":{"line":21,"column":25}},"11":{"start":{"line":22,"column":2},"end":{"line":28,"column":5}},"12":{"start":{"line":23,"column":4},"end":{"line":27,"column":5}},"13":{"start":{"line":24,"column":6},"end":{"line":24,"column":14}},"14":{"start":{"line":26,"column":6},"end":{"line":26,"column":36}},"15":{"start":{"line":31,"column":27},"end":{"line":42,"column":1}},"16":{"start":{"line":32,"column":14},"end":{"line":34,"column":25}},"17":{"start":{"line":35,"column":2},"end":{"line":41,"column":5}},"18":{"start":{"line":36,"column":4},"end":{"line":40,"column":5}},"19":{"start":{"line":37,"column":6},"end":{"line":37,"column":14}},"20":{"start":{"line":39,"column":6},"end":{"line":39,"column":20}},"21":{"start":{"line":44,"column":25},"end":{"line":55,"column":1}},"22":{"start":{"line":45,"column":14},"end":{"line":47,"column":25}},"23":{"start":{"line":48,"column":2},"end":{"line":54,"column":5}},"24":{"start":{"line":49,"column":4},"end":{"line":53,"column":5}},"25":{"start":{"line":50,"column":6},"end":{"line":50,"column":22}},"26":{"start":{"line":52,"column":6},"end":{"line":52,"column":28}},"27":{"start":{"line":57,"column":24},"end":{"line":68,"column":1}},"28":{"start":{"line":58,"column":14},"end":{"line":60,"column":24}},"29":{"start":{"line":61,"column":2},"end":{"line":67,"column":5}},"30":{"start":{"line":62,"column":4},"end":{"line":66,"column":5}},"31":{"start":{"line":63,"column":6},"end":{"line":63,"column":14}},"32":{"start":{"line":65,"column":6},"end":{"line":65,"column":25}},"33":{"start":{"line":70,"column":24},"end":{"line":84,"column":1}},"34":{"start":{"line":73,"column":14},"end":{"line":75,"column":23}},"35":{"start":{"line":76,"column":2},"end":{"line":83,"column":5}},"36":{"start":{"line":77,"column":4},"end":{"line":82,"column":5}},"37":{"start":{"line":78,"column":6},"end":{"line":78,"column":14}},"38":{"start":{"line":80,"column":19},"end":{"line":80,"column":57}},"39":{"start":{"line":81,"column":6},"end":{"line":81,"column":21}},"40":{"start":{"line":86,"column":21},"end":{"line":101,"column":1}},"41":{"start":{"line":87,"column":14},"end":{"line":89,"column":25}},"42":{"start":{"line":90,"column":2},"end":{"line":100,"column":5}},"43":{"start":{"line":91,"column":4},"end":{"line":99,"column":5}},"44":{"start":{"line":92,"column":6},"end":{"line":92,"column":14}},"45":{"start":{"line":94,"column":6},"end":{"line":98,"column":7}},"46":{"start":{"line":95,"column":8},"end":{"line":95,"column":33}},"47":{"start":{"line":97,"column":8},"end":{"line":97,"column":37}},"48":{"start":{"line":103,"column":24},"end":{"line":111,"column":1}},"49":{"start":{"line":104,"column":2},"end":{"line":110,"column":5}},"50":{"start":{"line":105,"column":4},"end":{"line":109,"column":5}},"51":{"start":{"line":106,"column":6},"end":{"line":106,"column":14}},"52":{"start":{"line":108,"column":6},"end":{"line":108,"column":31}},"53":{"start":{"line":113,"column":22},"end":{"line":124,"column":1}},"54":{"start":{"line":114,"column":14},"end":{"line":116,"column":22}},"55":{"start":{"line":117,"column":2},"end":{"line":123,"column":5}},"56":{"start":{"line":118,"column":4},"end":{"line":122,"column":5}},"57":{"start":{"line":119,"column":6},"end":{"line":119,"column":14}},"58":{"start":{"line":121,"column":6},"end":{"line":121,"column":25}},"59":{"start":{"line":126,"column":25},"end":{"line":139,"column":1}},"60":{"start":{"line":127,"column":14},"end":{"line":131,"column":24}},"61":{"start":{"line":132,"column":2},"end":{"line":138,"column":5}},"62":{"start":{"line":133,"column":4},"end":{"line":137,"column":5}},"63":{"start":{"line":134,"column":6},"end":{"line":134,"column":14}},"64":{"start":{"line":136,"column":6},"end":{"line":136,"column":25}},"65":{"start":{"line":141,"column":18},"end":{"line":164,"column":1}},"66":{"start":{"line":142,"column":2},"end":{"line":163,"column":5}},"67":{"start":{"line":143,"column":4},"end":{"line":162,"column":5}},"68":{"start":{"line":144,"column":6},"end":{"line":144,"column":14}},"69":{"start":{"line":146,"column":18},"end":{"line":148,"column":60}},"70":{"start":{"line":149,"column":6},"end":{"line":161,"column":9}},"71":{"start":{"line":150,"column":8},"end":{"line":160,"column":9}},"72":{"start":{"line":151,"column":10},"end":{"line":151,"column":18}},"73":{"start":{"line":153,"column":10},"end":{"line":159,"column":13}},"74":{"start":{"line":154,"column":12},"end":{"line":158,"column":13}},"75":{"start":{"line":155,"column":14},"end":{"line":155,"column":22}},"76":{"start":{"line":157,"column":14},"end":{"line":157,"column":33}},"77":{"start":{"line":166,"column":24},"end":{"line":177,"column":1}},"78":{"start":{"line":167,"column":14},"end":{"line":169,"column":32}},"79":{"start":{"line":170,"column":2},"end":{"line":176,"column":5}},"80":{"start":{"line":171,"column":4},"end":{"line":175,"column":5}},"81":{"start":{"line":172,"column":6},"end":{"line":172,"column":14}},"82":{"start":{"line":174,"column":6},"end":{"line":174,"column":20}},"83":{"start":{"line":179,"column":0},"end":{"line":191,"column":2}}},"fnMap":{"0":{"name":"(anonymous_0)","decl":{"start":{"line":5,"column":22},"end":{"line":5,"column":23}},"loc":{"start":{"line":5,"column":41},"end":{"line":16,"column":1}},"line":5},"1":{"name":"(anonymous_1)","decl":{"start":{"line":9,"column":24},"end":{"line":9,"column":25}},"loc":{"start":{"line":9,"column":38},"end":{"line":15,"column":3}},"line":9},"2":{"name":"(anonymous_2)","decl":{"start":{"line":18,"column":23},"end":{"line":18,"column":24}},"loc":{"start":{"line":18,"column":42},"end":{"line":29,"column":1}},"line":18},"3":{"name":"(anonymous_3)","decl":{"start":{"line":22,"column":24},"end":{"line":22,"column":25}},"loc":{"start":{"line":22,"column":38},"end":{"line":28,"column":3}},"line":22},"4":{"name":"(anonymous_4)","decl":{"start":{"line":31,"column":27},"end":{"line":31,"column":28}},"loc":{"start":{"line":31,"column":46},"end":{"line":42,"column":1}},"line":31},"5":{"name":"(anonymous_5)","decl":{"start":{"line":35,"column":24},"end":{"line":35,"column":25}},"loc":{"start":{"line":35,"column":38},"end":{"line":41,"column":3}},"line":35},"6":{"name":"(anonymous_6)","decl":{"start":{"line":44,"column":25},"end":{"line":44,"column":26}},"loc":{"start":{"line":44,"column":44},"end":{"line":55,"column":1}},"line":44},"7":{"name":"(anonymous_7)","decl":{"start":{"line":48,"column":24},"end":{"line":48,"column":25}},"loc":{"start":{"line":48,"column":38},"end":{"line":54,"column":3}},"line":48},"8":{"name":"(anonymous_8)","decl":{"start":{"line":57,"column":24},"end":{"line":57,"column":25}},"loc":{"start":{"line":57,"column":42},"end":{"line":68,"column":1}},"line":57},"9":{"name":"(anonymous_9)","decl":{"start":{"line":61,"column":24},"end":{"line":61,"column":25}},"loc":{"start":{"line":61,"column":38},"end":{"line":67,"column":3}},"line":61},"10":{"name":"(anonymous_10)","decl":{"start":{"line":70,"column":24},"end":{"line":70,"column":25}},"loc":{"start":{"line":70,"column":41},"end":{"line":84,"column":1}},"line":70},"11":{"name":"(anonymous_11)","decl":{"start":{"line":76,"column":24},"end":{"line":76,"column":25}},"loc":{"start":{"line":76,"column":38},"end":{"line":83,"column":3}},"line":76},"12":{"name":"(anonymous_12)","decl":{"start":{"line":86,"column":21},"end":{"line":86,"column":22}},"loc":{"start":{"line":86,"column":40},"end":{"line":101,"column":1}},"line":86},"13":{"name":"(anonymous_13)","decl":{"start":{"line":90,"column":24},"end":{"line":90,"column":25}},"loc":{"start":{"line":90,"column":38},"end":{"line":100,"column":3}},"line":90},"14":{"name":"(anonymous_14)","decl":{"start":{"line":103,"column":24},"end":{"line":103,"column":25}},"loc":{"start":{"line":103,"column":43},"end":{"line":111,"column":1}},"line":103},"15":{"name":"(anonymous_15)","decl":{"start":{"line":104,"column":26},"end":{"line":104,"column":27}},"loc":{"start":{"line":104,"column":40},"end":{"line":110,"column":3}},"line":104},"16":{"name":"(anonymous_16)","decl":{"start":{"line":113,"column":22},"end":{"line":113,"column":23}},"loc":{"start":{"line":113,"column":38},"end":{"line":124,"column":1}},"line":113},"17":{"name":"(anonymous_17)","decl":{"start":{"line":117,"column":24},"end":{"line":117,"column":25}},"loc":{"start":{"line":117,"column":38},"end":{"line":123,"column":3}},"line":117},"18":{"name":"(anonymous_18)","decl":{"start":{"line":126,"column":25},"end":{"line":126,"column":26}},"loc":{"start":{"line":126,"column":43},"end":{"line":139,"column":1}},"line":126},"19":{"name":"(anonymous_19)","decl":{"start":{"line":132,"column":24},"end":{"line":132,"column":25}},"loc":{"start":{"line":132,"column":38},"end":{"line":138,"column":3}},"line":132},"20":{"name":"(anonymous_20)","decl":{"start":{"line":141,"column":18},"end":{"line":141,"column":19}},"loc":{"start":{"line":141,"column":47},"end":{"line":164,"column":1}},"line":141},"21":{"name":"(anonymous_21)","decl":{"start":{"line":142,"column":28},"end":{"line":142,"column":29}},"loc":{"start":{"line":142,"column":48},"end":{"line":163,"column":3}},"line":142},"22":{"name":"(anonymous_22)","decl":{"start":{"line":149,"column":28},"end":{"line":149,"column":29}},"loc":{"start":{"line":149,"column":42},"end":{"line":161,"column":7}},"line":149},"23":{"name":"(anonymous_23)","decl":{"start":{"line":153,"column":43},"end":{"line":153,"column":44}},"loc":{"start":{"line":153,"column":60},"end":{"line":159,"column":11}},"line":153},"24":{"name":"(anonymous_24)","decl":{"start":{"line":166,"column":24},"end":{"line":166,"column":25}},"loc":{"start":{"line":166,"column":50},"end":{"line":177,"column":1}},"line":166},"25":{"name":"(anonymous_25)","decl":{"start":{"line":170,"column":24},"end":{"line":170,"column":25}},"loc":{"start":{"line":170,"column":38},"end":{"line":176,"column":3}},"line":170}},"branchMap":{"0":{"loc":{"start":{"line":10,"column":4},"end":{"line":14,"column":5}},"type":"if","locations":[{"start":{"line":10,"column":4},"end":{"line":14,"column":5}},{"start":{"line":10,"column":4},"end":{"line":14,"column":5}}],"line":10},"1":{"loc":{"start":{"line":23,"column":4},"end":{"line":27,"column":5}},"type":"if","locations":[{"start":{"line":23,"column":4},"end":{"line":27,"column":5}},{"start":{"line":23,"column":4},"end":{"line":27,"column":5}}],"line":23},"2":{"loc":{"start":{"line":36,"column":4},"end":{"line":40,"column":5}},"type":"if","locations":[{"start":{"line":36,"column":4},"end":{"line":40,"column":5}},{"start":{"line":36,"column":4},"end":{"line":40,"column":5}}],"line":36},"3":{"loc":{"start":{"line":49,"column":4},"end":{"line":53,"column":5}},"type":"if","locations":[{"start":{"line":49,"column":4},"end":{"line":53,"column":5}},{"start":{"line":49,"column":4},"end":{"line":53,"column":5}}],"line":49},"4":{"loc":{"start":{"line":62,"column":4},"end":{"line":66,"column":5}},"type":"if","locations":[{"start":{"line":62,"column":4},"end":{"line":66,"column":5}},{"start":{"line":62,"column":4},"end":{"line":66,"column":5}}],"line":62},"5":{"loc":{"start":{"line":77,"column":4},"end":{"line":82,"column":5}},"type":"if","locations":[{"start":{"line":77,"column":4},"end":{"line":82,"column":5}},{"start":{"line":77,"column":4},"end":{"line":82,"column":5}}],"line":77},"6":{"loc":{"start":{"line":91,"column":4},"end":{"line":99,"column":5}},"type":"if","locations":[{"start":{"line":91,"column":4},"end":{"line":99,"column":5}},{"start":{"line":91,"column":4},"end":{"line":99,"column":5}}],"line":91},"7":{"loc":{"start":{"line":94,"column":6},"end":{"line":98,"column":7}},"type":"if","locations":[{"start":{"line":94,"column":6},"end":{"line":98,"column":7}},{"start":{"line":94,"column":6},"end":{"line":98,"column":7}}],"line":94},"8":{"loc":{"start":{"line":105,"column":4},"end":{"line":109,"column":5}},"type":"if","locations":[{"start":{"line":105,"column":4},"end":{"line":109,"column":5}},{"start":{"line":105,"column":4},"end":{"line":109,"column":5}}],"line":105},"9":{"loc":{"start":{"line":118,"column":4},"end":{"line":122,"column":5}},"type":"if","locations":[{"start":{"line":118,"column":4},"end":{"line":122,"column":5}},{"start":{"line":118,"column":4},"end":{"line":122,"column":5}}],"line":118},"10":{"loc":{"start":{"line":133,"column":4},"end":{"line":137,"column":5}},"type":"if","locations":[{"start":{"line":133,"column":4},"end":{"line":137,"column":5}},{"start":{"line":133,"column":4},"end":{"line":137,"column":5}}],"line":133},"11":{"loc":{"start":{"line":143,"column":4},"end":{"line":162,"column":5}},"type":"if","locations":[{"start":{"line":143,"column":4},"end":{"line":162,"column":5}},{"start":{"line":143,"column":4},"end":{"line":162,"column":5}}],"line":143},"12":{"loc":{"start":{"line":150,"column":8},"end":{"line":160,"column":9}},"type":"if","locations":[{"start":{"line":150,"column":8},"end":{"line":160,"column":9}},{"start":{"line":150,"column":8},"end":{"line":160,"column":9}}],"line":150},"13":{"loc":{"start":{"line":154,"column":12},"end":{"line":158,"column":13}},"type":"if","locations":[{"start":{"line":154,"column":12},"end":{"line":158,"column":13}},{"start":{"line":154,"column":12},"end":{"line":158,"column":13}}],"line":154},"14":{"loc":{"start":{"line":171,"column":4},"end":{"line":175,"column":5}},"type":"if","locations":[{"start":{"line":171,"column":4},"end":{"line":175,"column":5}},{"start":{"line":171,"column":4},"end":{"line":175,"column":5}}],"line":171}},"s":{"0":0,"1":0,"2":0,"3":0,"4":0,"5":0,"6":0,"7":0,"8":0,"9":0,"10":0,"11":0,"12":0,"13":0,"14":0,"15":0,"16":0,"17":0,"18":0,"19":0,"20":0,"21":0,"22":0,"23":0,"24":0,"25":0,"26":0,"27":0,"28":0,"29":0,"30":0,"31":0,"32":0,"33":0,"34":0,"35":0,"36":0,"37":0,"38":0,"39":0,"40":0,"41":0,"42":0,"43":0,"44":0,"45":0,"46":0,"47":0,"48":0,"49":0,"50":0,"51":0,"52":0,"53":0,"54":0,"55":0,"56":0,"57":0,"58":0,"59":0,"60":0,"61":0,"62":0,"63":0,"64":0,"65":0,"66":0,"67":0,"68":0,"69":0,"70":0,"71":0,"72":0,"73":0,"74":0,"75":0,"76":0,"77":0,"78":0,"79":0,"80":0,"81":0,"82":0,"83":0},"f":{"0":0,"1":0,"2":0,"3":0,"4":0,"5":0,"6":0,"7":0,"8":0,"9":0,"10":0,"11":0,"12":0,"13":0,"14":0,"15":0,"16":0,"17":0,"18":0,"19":0,"20":0,"21":0,"22":0,"23":0,"24":0,"25":0},"b":{"0":[0,0],"1":[0,0],"2":[0,0],"3":[0,0],"4":[0,0],"5":[0,0],"6":[0,0],"7":[0,0],"8":[0,0],"9":[0,0],"10":[0,0],"11":[0,0],"12":[0,0],"13":[0,0],"14":[0,0]}},"/home/qamar/Desktop/wrap/src/queries/tasks.js":{"path":"/home/qamar/Desktop/wrap/src/queries/tasks.js","statementMap":{"0":{"start":{"line":1,"column":19},"end":{"line":1,"column":58}},"1":{"start":{"line":2,"column":0},"end":{"line":2,"column":32}},"2":{"start":{"line":4,"column":25},"end":{"line":15,"column":1}},"3":{"start":{"line":5,"column":14},"end":{"line":7,"column":22}},"4":{"start":{"line":8,"column":2},"end":{"line":14,"column":5}},"5":{"start":{"line":9,"column":4},"end":{"line":13,"column":5}},"6":{"start":{"line":10,"column":6},"end":{"line":10,"column":14}},"7":{"start":{"line":12,"column":6},"end":{"line":12,"column":25}},"8":{"start":{"line":16,"column":23},"end":{"line":27,"column":1}},"9":{"start":{"line":17,"column":14},"end":{"line":19,"column":22}},"10":{"start":{"line":20,"column":2},"end":{"line":26,"column":5}},"11":{"start":{"line":21,"column":4},"end":{"line":25,"column":5}},"12":{"start":{"line":22,"column":6},"end":{"line":22,"column":14}},"13":{"start":{"line":24,"column":6},"end":{"line":24,"column":28}},"14":{"start":{"line":29,"column":23},"end":{"line":40,"column":1}},"15":{"start":{"line":30,"column":14},"end":{"line":32,"column":36}},"16":{"start":{"line":33,"column":2},"end":{"line":39,"column":5}},"17":{"start":{"line":34,"column":4},"end":{"line":38,"column":5}},"18":{"start":{"line":35,"column":6},"end":{"line":35,"column":14}},"19":{"start":{"line":37,"column":6},"end":{"line":37,"column":31}},"20":{"start":{"line":42,"column":24},"end":{"line":59,"column":1}},"21":{"start":{"line":43,"column":2},"end":{"line":58,"column":5}},"22":{"start":{"line":44,"column":4},"end":{"line":57,"column":5}},"23":{"start":{"line":45,"column":6},"end":{"line":45,"column":16}},"24":{"start":{"line":47,"column":18},"end":{"line":49,"column":38}},"25":{"start":{"line":50,"column":6},"end":{"line":56,"column":9}},"26":{"start":{"line":51,"column":8},"end":{"line":55,"column":9}},"27":{"start":{"line":52,"column":10},"end":{"line":52,"column":18}},"28":{"start":{"line":54,"column":10},"end":{"line":54,"column":29}},"29":{"start":{"line":61,"column":24},"end":{"line":73,"column":1}},"30":{"start":{"line":62,"column":14},"end":{"line":64,"column":22}},"31":{"start":{"line":66,"column":2},"end":{"line":72,"column":5}},"32":{"start":{"line":67,"column":4},"end":{"line":71,"column":5}},"33":{"start":{"line":68,"column":6},"end":{"line":68,"column":14}},"34":{"start":{"line":70,"column":6},"end":{"line":70,"column":25}},"35":{"start":{"line":76,"column":25},"end":{"line":88,"column":1}},"36":{"start":{"line":77,"column":14},"end":{"line":79,"column":22}},"37":{"start":{"line":81,"column":2},"end":{"line":87,"column":5}},"38":{"start":{"line":82,"column":4},"end":{"line":86,"column":5}},"39":{"start":{"line":83,"column":6},"end":{"line":83,"column":14}},"40":{"start":{"line":85,"column":6},"end":{"line":85,"column":25}},"41":{"start":{"line":90,"column":19},"end":{"line":102,"column":1}},"42":{"start":{"line":91,"column":14},"end":{"line":94,"column":3}},"43":{"start":{"line":95,"column":2},"end":{"line":101,"column":5}},"44":{"start":{"line":96,"column":4},"end":{"line":100,"column":5}},"45":{"start":{"line":97,"column":6},"end":{"line":97,"column":16}},"46":{"start":{"line":99,"column":6},"end":{"line":99,"column":31}},"47":{"start":{"line":104,"column":21},"end":{"line":140,"column":1}},"48":{"start":{"line":105,"column":14},"end":{"line":108,"column":3}},"49":{"start":{"line":109,"column":2},"end":{"line":139,"column":5}},"50":{"start":{"line":110,"column":4},"end":{"line":138,"column":5}},"51":{"start":{"line":111,"column":6},"end":{"line":111,"column":16}},"52":{"start":{"line":113,"column":6},"end":{"line":137,"column":7}},"53":{"start":{"line":114,"column":20},"end":{"line":117,"column":9}},"54":{"start":{"line":118,"column":8},"end":{"line":134,"column":11}},"55":{"start":{"line":119,"column":10},"end":{"line":133,"column":11}},"56":{"start":{"line":120,"column":12},"end":{"line":120,"column":22}},"57":{"start":{"line":122,"column":25},"end":{"line":125,"column":13}},"58":{"start":{"line":126,"column":12},"end":{"line":132,"column":15}},"59":{"start":{"line":127,"column":14},"end":{"line":131,"column":15}},"60":{"start":{"line":128,"column":16},"end":{"line":128,"column":27}},"61":{"start":{"line":130,"column":16},"end":{"line":130,"column":42}},"62":{"start":{"line":136,"column":8},"end":{"line":136,"column":58}},"63":{"start":{"line":142,"column":21},"end":{"line":153,"column":1}},"64":{"start":{"line":143,"column":14},"end":{"line":145,"column":22}},"65":{"start":{"line":146,"column":2},"end":{"line":152,"column":5}},"66":{"start":{"line":147,"column":4},"end":{"line":151,"column":5}},"67":{"start":{"line":148,"column":6},"end":{"line":148,"column":14}},"68":{"start":{"line":150,"column":6},"end":{"line":150,"column":20}},"69":{"start":{"line":155,"column":22},"end":{"line":166,"column":1}},"70":{"start":{"line":156,"column":14},"end":{"line":158,"column":25}},"71":{"start":{"line":159,"column":2},"end":{"line":165,"column":5}},"72":{"start":{"line":160,"column":4},"end":{"line":164,"column":5}},"73":{"start":{"line":161,"column":6},"end":{"line":161,"column":14}},"74":{"start":{"line":163,"column":6},"end":{"line":163,"column":20}},"75":{"start":{"line":168,"column":21},"end":{"line":180,"column":1}},"76":{"start":{"line":169,"column":2},"end":{"line":179,"column":5}},"77":{"start":{"line":170,"column":4},"end":{"line":178,"column":5}},"78":{"start":{"line":171,"column":6},"end":{"line":171,"column":14}},"79":{"start":{"line":173,"column":6},"end":{"line":177,"column":7}},"80":{"start":{"line":174,"column":8},"end":{"line":174,"column":20}},"81":{"start":{"line":176,"column":8},"end":{"line":176,"column":53}},"82":{"start":{"line":181,"column":24},"end":{"line":187,"column":1}},"83":{"start":{"line":182,"column":14},"end":{"line":185,"column":3}},"84":{"start":{"line":186,"column":2},"end":{"line":186,"column":28}},"85":{"start":{"line":189,"column":21},"end":{"line":201,"column":1}},"86":{"start":{"line":190,"column":14},"end":{"line":193,"column":3}},"87":{"start":{"line":194,"column":2},"end":{"line":200,"column":5}},"88":{"start":{"line":195,"column":4},"end":{"line":199,"column":5}},"89":{"start":{"line":196,"column":6},"end":{"line":196,"column":16}},"90":{"start":{"line":198,"column":6},"end":{"line":198,"column":28}},"91":{"start":{"line":203,"column":16},"end":{"line":232,"column":1}},"92":{"start":{"line":204,"column":2},"end":{"line":231,"column":5}},"93":{"start":{"line":205,"column":4},"end":{"line":230,"column":5}},"94":{"start":{"line":206,"column":6},"end":{"line":206,"column":16}},"95":{"start":{"line":208,"column":6},"end":{"line":229,"column":9}},"96":{"start":{"line":209,"column":8},"end":{"line":228,"column":9}},"97":{"start":{"line":210,"column":10},"end":{"line":210,"column":18}},"98":{"start":{"line":212,"column":22},"end":{"line":214,"column":74}},"99":{"start":{"line":215,"column":10},"end":{"line":227,"column":13}},"100":{"start":{"line":216,"column":12},"end":{"line":226,"column":13}},"101":{"start":{"line":217,"column":14},"end":{"line":217,"column":22}},"102":{"start":{"line":219,"column":14},"end":{"line":225,"column":17}},"103":{"start":{"line":220,"column":16},"end":{"line":224,"column":17}},"104":{"start":{"line":221,"column":18},"end":{"line":221,"column":26}},"105":{"start":{"line":223,"column":18},"end":{"line":223,"column":37}},"106":{"start":{"line":234,"column":20},"end":{"line":246,"column":1}},"107":{"start":{"line":235,"column":14},"end":{"line":238,"column":3}},"108":{"start":{"line":239,"column":2},"end":{"line":245,"column":5}},"109":{"start":{"line":240,"column":4},"end":{"line":244,"column":5}},"110":{"start":{"line":241,"column":6},"end":{"line":241,"column":16}},"111":{"start":{"line":243,"column":6},"end":{"line":243,"column":28}},"112":{"start":{"line":248,"column":19},"end":{"line":266,"column":1}},"113":{"start":{"line":249,"column":14},"end":{"line":251,"column":36}},"114":{"start":{"line":252,"column":2},"end":{"line":265,"column":5}},"115":{"start":{"line":253,"column":4},"end":{"line":264,"column":5}},"116":{"start":{"line":254,"column":6},"end":{"line":254,"column":14}},"117":{"start":{"line":263,"column":6},"end":{"line":263,"column":28}},"118":{"start":{"line":268,"column":21},"end":{"line":280,"column":1}},"119":{"start":{"line":269,"column":14},"end":{"line":271,"column":32}},"120":{"start":{"line":273,"column":2},"end":{"line":279,"column":5}},"121":{"start":{"line":274,"column":4},"end":{"line":278,"column":5}},"122":{"start":{"line":275,"column":6},"end":{"line":275,"column":16}},"123":{"start":{"line":277,"column":6},"end":{"line":277,"column":31}},"124":{"start":{"line":281,"column":20},"end":{"line":292,"column":1}},"125":{"start":{"line":282,"column":14},"end":{"line":284,"column":41}},"126":{"start":{"line":285,"column":2},"end":{"line":291,"column":5}},"127":{"start":{"line":286,"column":4},"end":{"line":290,"column":5}},"128":{"start":{"line":287,"column":6},"end":{"line":287,"column":14}},"129":{"start":{"line":289,"column":6},"end":{"line":289,"column":25}},"130":{"start":{"line":294,"column":22},"end":{"line":315,"column":1}},"131":{"start":{"line":295,"column":14},"end":{"line":297,"column":25}},"132":{"start":{"line":298,"column":2},"end":{"line":314,"column":5}},"133":{"start":{"line":299,"column":4},"end":{"line":313,"column":5}},"134":{"start":{"line":300,"column":6},"end":{"line":300,"column":14}},"135":{"start":{"line":302,"column":18},"end":{"line":305,"column":7}},"136":{"start":{"line":306,"column":6},"end":{"line":312,"column":9}},"137":{"start":{"line":307,"column":8},"end":{"line":311,"column":9}},"138":{"start":{"line":308,"column":10},"end":{"line":308,"column":19}},"139":{"start":{"line":310,"column":10},"end":{"line":310,"column":37}},"140":{"start":{"line":317,"column":0},"end":{"line":338,"column":2}}},"fnMap":{"0":{"name":"(anonymous_0)","decl":{"start":{"line":4,"column":25},"end":{"line":4,"column":26}},"loc":{"start":{"line":4,"column":41},"end":{"line":15,"column":1}},"line":4},"1":{"name":"(anonymous_1)","decl":{"start":{"line":8,"column":24},"end":{"line":8,"column":25}},"loc":{"start":{"line":8,"column":38},"end":{"line":14,"column":3}},"line":8},"2":{"name":"(anonymous_2)","decl":{"start":{"line":16,"column":23},"end":{"line":16,"column":24}},"loc":{"start":{"line":16,"column":39},"end":{"line":27,"column":1}},"line":16},"3":{"name":"(anonymous_3)","decl":{"start":{"line":20,"column":24},"end":{"line":20,"column":25}},"loc":{"start":{"line":20,"column":38},"end":{"line":26,"column":3}},"line":20},"4":{"name":"(anonymous_4)","decl":{"start":{"line":29,"column":23},"end":{"line":29,"column":24}},"loc":{"start":{"line":29,"column":53},"end":{"line":40,"column":1}},"line":29},"5":{"name":"(anonymous_5)","decl":{"start":{"line":33,"column":24},"end":{"line":33,"column":25}},"loc":{"start":{"line":33,"column":38},"end":{"line":39,"column":3}},"line":33},"6":{"name":"(anonymous_6)","decl":{"start":{"line":42,"column":24},"end":{"line":42,"column":25}},"loc":{"start":{"line":42,"column":50},"end":{"line":59,"column":1}},"line":42},"7":{"name":"(anonymous_7)","decl":{"start":{"line":43,"column":35},"end":{"line":43,"column":36}},"loc":{"start":{"line":43,"column":55},"end":{"line":58,"column":3}},"line":43},"8":{"name":"(anonymous_8)","decl":{"start":{"line":50,"column":28},"end":{"line":50,"column":29}},"loc":{"start":{"line":50,"column":42},"end":{"line":56,"column":7}},"line":50},"9":{"name":"(anonymous_9)","decl":{"start":{"line":61,"column":24},"end":{"line":61,"column":25}},"loc":{"start":{"line":61,"column":40},"end":{"line":73,"column":1}},"line":61},"10":{"name":"(anonymous_10)","decl":{"start":{"line":66,"column":24},"end":{"line":66,"column":25}},"loc":{"start":{"line":66,"column":38},"end":{"line":72,"column":3}},"line":66},"11":{"name":"(anonymous_11)","decl":{"start":{"line":76,"column":25},"end":{"line":76,"column":26}},"loc":{"start":{"line":76,"column":41},"end":{"line":88,"column":1}},"line":76},"12":{"name":"(anonymous_12)","decl":{"start":{"line":81,"column":24},"end":{"line":81,"column":25}},"loc":{"start":{"line":81,"column":38},"end":{"line":87,"column":3}},"line":81},"13":{"name":"(anonymous_13)","decl":{"start":{"line":90,"column":19},"end":{"line":90,"column":20}},"loc":{"start":{"line":90,"column":52},"end":{"line":102,"column":1}},"line":90},"14":{"name":"(anonymous_14)","decl":{"start":{"line":95,"column":24},"end":{"line":95,"column":25}},"loc":{"start":{"line":95,"column":43},"end":{"line":101,"column":3}},"line":95},"15":{"name":"(anonymous_15)","decl":{"start":{"line":104,"column":21},"end":{"line":104,"column":22}},"loc":{"start":{"line":104,"column":49},"end":{"line":140,"column":1}},"line":104},"16":{"name":"(anonymous_16)","decl":{"start":{"line":109,"column":24},"end":{"line":109,"column":25}},"loc":{"start":{"line":109,"column":43},"end":{"line":139,"column":3}},"line":109},"17":{"name":"(anonymous_17)","decl":{"start":{"line":118,"column":30},"end":{"line":118,"column":31}},"loc":{"start":{"line":118,"column":51},"end":{"line":134,"column":9}},"line":118},"18":{"name":"(anonymous_18)","decl":{"start":{"line":126,"column":35},"end":{"line":126,"column":36}},"loc":{"start":{"line":126,"column":56},"end":{"line":132,"column":13}},"line":126},"19":{"name":"(anonymous_19)","decl":{"start":{"line":142,"column":21},"end":{"line":142,"column":22}},"loc":{"start":{"line":142,"column":37},"end":{"line":153,"column":1}},"line":142},"20":{"name":"(anonymous_20)","decl":{"start":{"line":146,"column":24},"end":{"line":146,"column":25}},"loc":{"start":{"line":146,"column":38},"end":{"line":152,"column":3}},"line":146},"21":{"name":"(anonymous_21)","decl":{"start":{"line":155,"column":22},"end":{"line":155,"column":23}},"loc":{"start":{"line":155,"column":41},"end":{"line":166,"column":1}},"line":155},"22":{"name":"(anonymous_22)","decl":{"start":{"line":159,"column":24},"end":{"line":159,"column":25}},"loc":{"start":{"line":159,"column":38},"end":{"line":165,"column":3}},"line":159},"23":{"name":"(anonymous_23)","decl":{"start":{"line":168,"column":21},"end":{"line":168,"column":22}},"loc":{"start":{"line":168,"column":40},"end":{"line":180,"column":1}},"line":168},"24":{"name":"(anonymous_24)","decl":{"start":{"line":169,"column":40},"end":{"line":169,"column":41}},"loc":{"start":{"line":169,"column":56},"end":{"line":179,"column":3}},"line":169},"25":{"name":"(anonymous_25)","decl":{"start":{"line":181,"column":24},"end":{"line":181,"column":25}},"loc":{"start":{"line":181,"column":51},"end":{"line":187,"column":1}},"line":181},"26":{"name":"(anonymous_26)","decl":{"start":{"line":189,"column":21},"end":{"line":189,"column":22}},"loc":{"start":{"line":189,"column":37},"end":{"line":201,"column":1}},"line":189},"27":{"name":"(anonymous_27)","decl":{"start":{"line":194,"column":24},"end":{"line":194,"column":25}},"loc":{"start":{"line":194,"column":43},"end":{"line":200,"column":3}},"line":194},"28":{"name":"(anonymous_28)","decl":{"start":{"line":203,"column":16},"end":{"line":203,"column":17}},"loc":{"start":{"line":203,"column":60},"end":{"line":232,"column":1}},"line":203},"29":{"name":"(anonymous_29)","decl":{"start":{"line":204,"column":26},"end":{"line":204,"column":27}},"loc":{"start":{"line":204,"column":44},"end":{"line":231,"column":3}},"line":204},"30":{"name":"(anonymous_30)","decl":{"start":{"line":208,"column":43},"end":{"line":208,"column":44}},"loc":{"start":{"line":208,"column":61},"end":{"line":229,"column":7}},"line":208},"31":{"name":"(anonymous_31)","decl":{"start":{"line":215,"column":32},"end":{"line":215,"column":33}},"loc":{"start":{"line":215,"column":46},"end":{"line":227,"column":11}},"line":215},"32":{"name":"(anonymous_32)","decl":{"start":{"line":219,"column":57},"end":{"line":219,"column":58}},"loc":{"start":{"line":219,"column":73},"end":{"line":225,"column":15}},"line":219},"33":{"name":"(anonymous_33)","decl":{"start":{"line":234,"column":20},"end":{"line":234,"column":21}},"loc":{"start":{"line":234,"column":36},"end":{"line":246,"column":1}},"line":234},"34":{"name":"(anonymous_34)","decl":{"start":{"line":239,"column":24},"end":{"line":239,"column":25}},"loc":{"start":{"line":239,"column":43},"end":{"line":245,"column":3}},"line":239},"35":{"name":"(anonymous_35)","decl":{"start":{"line":248,"column":19},"end":{"line":248,"column":20}},"loc":{"start":{"line":248,"column":42},"end":{"line":266,"column":1}},"line":248},"36":{"name":"(anonymous_36)","decl":{"start":{"line":252,"column":24},"end":{"line":252,"column":25}},"loc":{"start":{"line":252,"column":38},"end":{"line":265,"column":3}},"line":252},"37":{"name":"(anonymous_37)","decl":{"start":{"line":268,"column":21},"end":{"line":268,"column":22}},"loc":{"start":{"line":268,"column":47},"end":{"line":280,"column":1}},"line":268},"38":{"name":"(anonymous_38)","decl":{"start":{"line":273,"column":24},"end":{"line":273,"column":25}},"loc":{"start":{"line":273,"column":43},"end":{"line":279,"column":3}},"line":273},"39":{"name":"(anonymous_39)","decl":{"start":{"line":281,"column":20},"end":{"line":281,"column":21}},"loc":{"start":{"line":281,"column":55},"end":{"line":292,"column":1}},"line":281},"40":{"name":"(anonymous_40)","decl":{"start":{"line":285,"column":24},"end":{"line":285,"column":25}},"loc":{"start":{"line":285,"column":38},"end":{"line":291,"column":3}},"line":285},"41":{"name":"(anonymous_41)","decl":{"start":{"line":294,"column":22},"end":{"line":294,"column":23}},"loc":{"start":{"line":294,"column":49},"end":{"line":315,"column":1}},"line":294},"42":{"name":"(anonymous_42)","decl":{"start":{"line":298,"column":24},"end":{"line":298,"column":25}},"loc":{"start":{"line":298,"column":38},"end":{"line":314,"column":3}},"line":298},"43":{"name":"(anonymous_43)","decl":{"start":{"line":306,"column":28},"end":{"line":306,"column":29}},"loc":{"start":{"line":306,"column":51},"end":{"line":312,"column":7}},"line":306}},"branchMap":{"0":{"loc":{"start":{"line":9,"column":4},"end":{"line":13,"column":5}},"type":"if","locations":[{"start":{"line":9,"column":4},"end":{"line":13,"column":5}},{"start":{"line":9,"column":4},"end":{"line":13,"column":5}}],"line":9},"1":{"loc":{"start":{"line":21,"column":4},"end":{"line":25,"column":5}},"type":"if","locations":[{"start":{"line":21,"column":4},"end":{"line":25,"column":5}},{"start":{"line":21,"column":4},"end":{"line":25,"column":5}}],"line":21},"2":{"loc":{"start":{"line":34,"column":4},"end":{"line":38,"column":5}},"type":"if","locations":[{"start":{"line":34,"column":4},"end":{"line":38,"column":5}},{"start":{"line":34,"column":4},"end":{"line":38,"column":5}}],"line":34},"3":{"loc":{"start":{"line":44,"column":4},"end":{"line":57,"column":5}},"type":"if","locations":[{"start":{"line":44,"column":4},"end":{"line":57,"column":5}},{"start":{"line":44,"column":4},"end":{"line":57,"column":5}}],"line":44},"4":{"loc":{"start":{"line":51,"column":8},"end":{"line":55,"column":9}},"type":"if","locations":[{"start":{"line":51,"column":8},"end":{"line":55,"column":9}},{"start":{"line":51,"column":8},"end":{"line":55,"column":9}}],"line":51},"5":{"loc":{"start":{"line":67,"column":4},"end":{"line":71,"column":5}},"type":"if","locations":[{"start":{"line":67,"column":4},"end":{"line":71,"column":5}},{"start":{"line":67,"column":4},"end":{"line":71,"column":5}}],"line":67},"6":{"loc":{"start":{"line":82,"column":4},"end":{"line":86,"column":5}},"type":"if","locations":[{"start":{"line":82,"column":4},"end":{"line":86,"column":5}},{"st
[...]
"end":{"line":12,"column":50}}},"fnMap":{"0":{"name":"(anonymous_0)","decl":{"start":{"line":3,"column":17},"end":{"line":3,"column":18}},"loc":{"start":{"line":3,"column":37},"end":{"line":15,"column":1}},"line":3},"1":{"name":"(anonymous_1)","decl":{"start":{"line":4,"column":114},"end":{"line":4,"column":115}},"loc":{"start":{"line":4,"column":136},"end":{"line":14,"column":3}},"line":4},"2":{"name":"(anonymous_2)","decl":{"start":{"line":8,"column":90},"end":{"line":8,"column":91}},"loc":{"start":{"line":8,"column":107},"end":{"line":13,"column":5}},"line":8}},"branchMap":{"0":{"loc":{"start":{"line":5,"column":4},"end":{"line":7,"column":5}},"type":"if","locations":[{"start":{"line":5,"column":4},"end":{"line":7,"column":5}},{"start":{"line":5,"column":4},"end":{"line":7,"column":5}}],"line":5},"1":{"loc":{"start":{"line":9,"column":6},"end":{"line":11,"column":7}},"type":"if","locations":[{"start":{"line":9,"column":6},"end":{"line":11,"column":7}},{"start":{"line":9,"column":6},"end":{"line":11,"column":7}}],"line":9}},"s":{"0":0,"1":0,"2":0,"3":0,"4":0,"5":0,"6":0,"7":0,"8":0,"9":0},"f":{"0":0,"1":0,"2":0},"b":{"0":[0,0],"1":[0,0]}},"/home/qamar/Desktop/wrap/src/routes/postAddTask.js":{"path":"/home/qamar/Desktop/wrap/src/routes/postAddTask.js","statementMap":{"0":{"start":{"line":2,"column":16},"end":{"line":2,"column":46}},"1":{"start":{"line":3,"column":0},"end":{"line":18,"column":2}},"2":{"start":{"line":4,"column":13},"end":{"line":4,"column":15}},"3":{"start":{"line":5,"column":2},"end":{"line":7,"column":5}},"4":{"start":{"line":6,"column":4},"end":{"line":6,"column":18}},"5":{"start":{"line":8,"column":2},"end":{"line":17,"column":5}},"6":{"start":{"line":9,"column":4},"end":{"line":9,"column":28}},"7":{"start":{"line":10,"column":4},"end":{"line":16,"column":7}},"8":{"start":{"line":11,"column":6},"end":{"line":15,"column":7}},"9":{"start":{"line":12,"column":8},"end":{"line":12,"column":24}},"10":{"start":{"line":14,"column":8},"end":{"line":14,"column":30}}},"fnMap":{"0":{"name":"(anonymous_0)","decl":{"start":{"line":3,"column":17},"end":{"line":3,"column":18}},"loc":{"start":{"line":3,"column":37},"end":{"line":18,"column":1}},"line":3},"1":{"name":"(anonymous_1)","decl":{"start":{"line":5,"column":17},"end":{"line":5,"column":18}},"loc":{"start":{"line":5,"column":34},"end":{"line":7,"column":3}},"line":5},"2":{"name":"(anonymous_2)","decl":{"start":{"line":8,"column":16},"end":{"line":8,"column":17}},"loc":{"start":{"line":8,"column":28},"end":{"line":17,"column":3}},"line":8},"3":{"name":"(anonymous_3)","decl":{"start":{"line":10,"column":89},"end":{"line":10,"column":90}},"loc":{"start":{"line":10,"column":111},"end":{"line":16,"column":5}},"line":10}},"branchMap":{"0":{"loc":{"start":{"line":11,"column":6},"end":{"line":15,"column":7}},"type":"if","locations":[{"start":{"line":11,"column":6},"end":{"line":15,"column":7}},{"start":{"line":11,"column":6},"end":{"line":15,"column":7}}],"line":11}},"s":{"0":0,"1":0,"2":0,"3":0,"4":0,"5":0,"6":0,"7":0,"8":0,"9":0,"10":0},"f":{"0":0,"1":0,"2":0,"3":0},"b":{"0":[0,0]}},"/home/qamar/Desktop/wrap/src/routes/postAssignMember.js":{"path":"/home/qamar/Desktop/wrap/src/routes/postAssignMember.js","statementMap":{"0":{"start":{"line":1,"column":16},"end":{"line":1,"column":46}},"1":{"start":{"line":2,"column":0},"end":{"line":18,"column":2}},"2":{"start":{"line":3,"column":13},"end":{"line":3,"column":15}},"3":{"start":{"line":4,"column":2},"end":{"line":6,"column":5}},"4":{"start":{"line":5,"column":4},"end":{"line":5,"column":18}},"5":{"start":{"line":7,"column":2},"end":{"line":17,"column":5}},"6":{"start":{"line":8,"column":4},"end":{"line":8,"column":28}},"7":{"start":{"line":9,"column":4},"end":{"line":9,"column":22}},"8":{"start":{"line":10,"column":4},"end":{"line":16,"column":7}},"9":{"start":{"line":11,"column":6},"end":{"line":15,"column":7}},"10":{"start":{"line":12,"column":8},"end":{"line":12,"column":24}},"11":{"start":{"line":14,"column":8},"end":{"line":14,"column":32}}},"fnMap":{"0":{"name":"(anonymous_0)","decl":{"start":{"line":2,"column":17},"end":{"line":2,"column":18}},"loc":{"start":{"line":2,"column":37},"end":{"line":18,"column":1}},"line":2},"1":{"name":"(anonymous_1)","decl":{"start":{"line":4,"column":17},"end":{"line":4,"column":18}},"loc":{"start":{"line":4,"column":34},"end":{"line":6,"column":3}},"line":4},"2":{"name":"(anonymous_2)","decl":{"start":{"line":7,"column":16},"end":{"line":7,"column":17}},"loc":{"start":{"line":7,"column":28},"end":{"line":17,"column":3}},"line":7},"3":{"name":"(anonymous_3)","decl":{"start":{"line":10,"column":66},"end":{"line":10,"column":67}},"loc":{"start":{"line":10,"column":90},"end":{"line":16,"column":5}},"line":10}},"branchMap":{"0":{"loc":{"start":{"line":11,"column":6},"end":{"line":15,"column":7}},"type":"if","locations":[{"start":{"line":11,"column":6},"end":{"line":15,"column":7}},{"start":{"line":11,"column":6},"end":{"line":15,"column":7}}],"line":11}},"s":{"0":0,"1":0,"2":0,"3":0,"4":0,"5":0,"6":0,"7":0,"8":0,"9":0,"10":0,"11":0},"f":{"0":0,"1":0,"2":0,"3":0},"b":{"0":[0,0]}},"/home/qamar/Desktop/wrap/src/routes/postCheckFeature.js":{"path":"/home/qamar/Desktop/wrap/src/routes/postCheckFeature.js","statementMap":{"0":{"start":{"line":1,"column":16},"end":{"line":1,"column":46}},"1":{"start":{"line":3,"column":0},"end":{"line":18,"column":2}},"2":{"start":{"line":4,"column":13},"end":{"line":4,"column":15}},"3":{"start":{"line":5,"column":2},"end":{"line":7,"column":5}},"4":{"start":{"line":6,"column":4},"end":{"line":6,"column":18}},"5":{"start":{"line":8,"column":2},"end":{"line":17,"column":5}},"6":{"start":{"line":9,"column":4},"end":{"line":9,"column":28}},"7":{"start":{"line":10,"column":4},"end":{"line":16,"column":7}},"8":{"start":{"line":11,"column":6},"end":{"line":15,"column":7}},"9":{"start":{"line":12,"column":8},"end":{"line":12,"column":24}},"10":{"start":{"line":14,"column":8},"end":{"line":14,"column":30}}},"fnMap":{"0":{"name":"(anonymous_0)","decl":{"start":{"line":3,"column":17},"end":{"line":3,"column":18}},"loc":{"start":{"line":3,"column":37},"end":{"line":18,"column":1}},"line":3},"1":{"name":"(anonymous_1)","decl":{"start":{"line":5,"column":17},"end":{"line":5,"column":18}},"loc":{"start":{"line":5,"column":34},"end":{"line":7,"column":3}},"line":5},"2":{"name":"(anonymous_2)","decl":{"start":{"line":8,"column":16},"end":{"line":8,"column":17}},"loc":{"start":{"line":8,"column":28},"end":{"line":17,"column":3}},"line":8},"3":{"name":"(anonymous_3)","decl":{"start":{"line":10,"column":68},"end":{"line":10,"column":69}},"loc":{"start":{"line":10,"column":90},"end":{"line":16,"column":5}},"line":10}},"branchMap":{"0":{"loc":{"start":{"line":11,"column":6},"end":{"line":15,"column":7}},"type":"if","locations":[{"start":{"line":11,"column":6},"end":{"line":15,"column":7}},{"start":{"line":11,"column":6},"end":{"line":15,"column":7}}],"line":11}},"s":{"0":0,"1":0,"2":0,"3":0,"4":0,"5":0,"6":0,"7":0,"8":0,"9":0,"10":0},"f":{"0":0,"1":0,"2":0,"3":0},"b":{"0":[0,0]}},"/home/qamar/Desktop/wrap/src/routes/postCreateSprint.js":{"path":"/home/qamar/Desktop/wrap/src/routes/postCreateSprint.js","statementMap":{"0":{"start":{"line":1,"column":16},"end":{"line":1,"column":46}},"1":{"start":{"line":2,"column":0},"end":{"line":17,"column":2}},"2":{"start":{"line":3,"column":13},"end":{"line":3,"column":15}},"3":{"start":{"line":4,"column":2},"end":{"line":6,"column":5}},"4":{"start":{"line":5,"column":4},"end":{"line":5,"column":18}},"5":{"start":{"line":7,"column":2},"end":{"line":16,"column":5}},"6":{"start":{"line":8,"column":27},"end":{"line":8,"column":41}},"7":{"start":{"line":9,"column":4},"end":{"line":15,"column":7}},"8":{"start":{"line":10,"column":6},"end":{"line":14,"column":7}},"9":{"start":{"line":11,"column":8},"end":{"line":11,"column":25}},"10":{"start":{"line":13,"column":8},"end":{"line":13,"column":25}}},"fnMap":{"0":{"name":"(anonymous_0)","decl":{"start":{"line":2,"column":17},"end":{"line":2,"column":18}},"loc":{"start":{"line":2,"column":37},"end":{"line":17,"column":1}},"line":2},"1":{"name":"(anonymous_1)","decl":{"start":{"line":4,"column":17},"end":{"line":4,"column":18}},"loc":{"start":{"line":4,"column":34},"end":{"line":6,"column":3}},"line":4},"2":{"name":"(anonymous_2)","decl":{"start":{"line":7,"column":16},"end":{"line":7,"column":17}},"loc":{"start":{"line":7,"column":28},"end":{"line":16,"column":3}},"line":7},"3":{"name":"(anonymous_3)","decl":{"start":{"line":9,"column":69},"end":{"line":9,"column":70}},"loc":{"start":{"line":9,"column":86},"end":{"line":15,"column":5}},"line":9}},"branchMap":{"0":{"loc":{"start":{"line":10,"column":6},"end":{"line":14,"column":7}},"type":"if","locations":[{"start":{"line":10,"column":6},"end":{"line":14,"column":7}},{"start":{"line":10,"column":6},"end":{"line":14,"column":7}}],"line":10}},"s":{"0":0,"1":0,"2":0,"3":0,"4":0,"5":0,"6":0,"7":0,"8":0,"9":0,"10":0},"f":{"0":0,"1":0,"2":0,"3":0},"b":{"0":[0,0]}},"/home/qamar/Desktop/wrap/src/routes/postLogin.js":{"path":"/home/qamar/Desktop/wrap/src/routes/postLogin.js","statementMap":{"0":{"start":{"line":1,"column":16},"end":{"line":1,"column":46}},"1":{"start":{"line":2,"column":21},"end":{"line":2,"column":56}},"2":{"start":{"line":4,"column":0},"end":{"line":21,"column":2}},"3":{"start":{"line":5,"column":13},"end":{"line":5,"column":15}},"4":{"start":{"line":6,"column":2},"end":{"line":8,"column":5}},"5":{"start":{"line":7,"column":4},"end":{"line":7,"column":18}},"6":{"start":{"line":9,"column":2},"end":{"line":20,"column":5}},"7":{"start":{"line":10,"column":4},"end":{"line":10,"column":28}},"8":{"start":{"line":11,"column":4},"end":{"line":19,"column":7}},"9":{"start":{"line":12,"column":6},"end":{"line":18,"column":7}},"10":{"start":{"line":13,"column":24},"end":{"line":13,"column":88}},"11":{"start":{"line":14,"column":8},"end":{"line":14,"column":26}},"12":{"start":{"line":16,"column":8},"end":{"line":16,"column":78}},"13":{"start":{"line":17,"column":8},"end":{"line":17,"column":25}}},"fnMap":{"0":{"name":"(anonymous_0)","decl":{"start":{"line":4,"column":17},"end":{"line":4,"column":18}},"loc":{"start":{"line":4,"column":37},"end":{"line":21,"column":1}},"line":4},"1":{"name":"(anonymous_1)","decl":{"start":{"line":6,"column":17},"end":{"line":6,"column":18}},"loc":{"start":{"line":6,"column":34},"end":{"line":8,"column":3}},"line":6},"2":{"name":"(anonymous_2)","decl":{"start":{"line":9,"column":16},"end":{"line":9,"column":17}},"loc":{"start":{"line":9,"column":28},"end":{"line":20,"column":3}},"line":9},"3":{"name":"(anonymous_3)","decl":{"start":{"line":11,"column":58},"end":{"line":11,"column":59}},"loc":{"start":{"line":11,"column":75},"end":{"line":19,"column":5}},"line":11}},"branchMap":{"0":{"loc":{"start":{"line":12,"column":6},"end":{"line":18,"column":7}},"type":"if","locations":[{"start":{"line":12,"column":6},"end":{"line":18,"column":7}},{"start":{"line":12,"column":6},"end":{"line":18,"column":7}}],"line":12},"1":{"loc":{"start":{"line":13,"column":24},"end":{"line":13,"column":88}},"type":"cond-expr","locations":[{"start":{"line":13,"column":56},"end":{"line":13,"column":67}},{"start":{"line":13,"column":70},"end":{"line":13,"column":88}}],"line":13}},"s":{"0":0,"1":0,"2":0,"3":0,"4":0,"5":0,"6":0,"7":0,"8":0,"9":0,"10":0,"11":0,"12":0,"13":0},"f":{"0":0,"1":0,"2":0,"3":0},"b":{"0":[0,0],"1":[0,0]}},"/home/qamar/Desktop/wrap/src/routes/postMoveToBacklog.js":{"path":"/home/qamar/Desktop/wrap/src/routes/postMoveToBacklog.js","statementMap":{"0":{"start":{"line":1,"column":16},"end":{"line":1,"column":46}},"1":{"start":{"line":3,"column":0},"end":{"line":18,"column":2}},"2":{"start":{"line":4,"column":13},"end":{"line":4,"column":15}},"3":{"start":{"line":5,"column":2},"end":{"line":7,"column":5}},"4":{"start":{"line":6,"column":4},"end":{"line":6,"column":18}},"5":{"start":{"line":8,"column":2},"end":{"line":17,"column":5}},"6":{"start":{"line":9,"column":4},"end":{"line":9,"column":28}},"7":{"start":{"line":10,"column":4},"end":{"line":16,"column":7}},"8":{"start":{"line":11,"column":6},"end":{"line":15,"column":7}},"9":{"start":{"line":12,"column":8},"end":{"line":12,"column":24}},"10":{"start":{"line":14,"column":8},"end":{"line":14,"column":30}}},"fnMap":{"0":{"name":"(anonymous_0)","decl":{"start":{"line":3,"column":17},"end":{"line":3,"column":18}},"loc":{"start":{"line":3,"column":37},"end":{"line":18,"column":1}},"line":3},"1":{"name":"(anonymous_1)","decl":{"start":{"line":5,"column":17},"end":{"line":5,"column":18}},"loc":{"start":{"line":5,"column":34},"end":{"line":7,"column":3}},"line":5},"2":{"name":"(anonymous_2)","decl":{"start":{"line":8,"column":16},"end":{"line":8,"column":17}},"loc":{"start":{"line":8,"column":28},"end":{"line":17,"column":3}},"line":8},"3":{"name":"(anonymous_3)","decl":{"start":{"line":10,"column":68},"end":{"line":10,"column":69}},"loc":{"start":{"line":10,"column":90},"end":{"line":16,"column":5}},"line":10}},"branchMap":{"0":{"loc":{"start":{"line":11,"column":6},"end":{"line":15,"column":7}},"type":"if","locations":[{"start":{"line":11,"column":6},"end":{"line":15,"column":7}},{"start":{"line":11,"column":6},"end":{"line":15,"column":7}}],"line":11}},"s":{"0":0,"1":0,"2":0,"3":0,"4":0,"5":0,"6":0,"7":0,"8":0,"9":0,"10":0},"f":{"0":0,"1":0,"2":0,"3":0},"b":{"0":[0,0]}},"/home/qamar/Desktop/wrap/src/routes/postRemoveAssign.js":{"path":"/home/qamar/Desktop/wrap/src/routes/postRemoveAssign.js","statementMap":{"0":{"start":{"line":1,"column":16},"end":{"line":1,"column":46}},"1":{"start":{"line":2,"column":0},"end":{"line":18,"column":2}},"2":{"start":{"line":3,"column":13},"end":{"line":3,"column":15}},"3":{"start":{"line":4,"column":2},"end":{"line":6,"column":5}},"4":{"start":{"line":5,"column":4},"end":{"line":5,"column":18}},"5":{"start":{"line":7,"column":2},"end":{"line":17,"column":5}},"6":{"start":{"line":8,"column":4},"end":{"line":8,"column":28}},"7":{"start":{"line":9,"column":4},"end":{"line":9,"column":22}},"8":{"start":{"line":10,"column":4},"end":{"line":16,"column":7}},"9":{"start":{"line":11,"column":6},"end":{"line":15,"column":7}},"10":{"start":{"line":12,"column":8},"end":{"line":12,"column":24}},"11":{"start":{"line":14,"column":8},"end":{"line":14,"column":32}}},"fnMap":{"0":{"name":"(anonymous_0)","decl":{"start":{"line":2,"column":17},"end":{"line":2,"column":18}},"loc":{"start":{"line":2,"column":37},"end":{"line":18,"column":1}},"line":2},"1":{"name":"(anonymous_1)","decl":{"start":{"line":4,"column":17},"end":{"line":4,"column":18}},"loc":{"start":{"line":4,"column":34},"end":{"line":6,"column":3}},"line":4},"2":{"name":"(anonymous_2)","decl":{"start":{"line":7,"column":16},"end":{"line":7,"column":17}},"loc":{"start":{"line":7,"column":28},"end":{"line":17,"column":3}},"line":7},"3":{"name":"(anonymous_3)","decl":{"start":{"line":10,"column":51},"end":{"line":10,"column":52}},"loc":{"start":{"line":10,"column":75},"end":{"line":16,"column":5}},"line":10}},"branchMap":{"0":{"loc":{"start":{"line":11,"column":6},"end":{"line":15,"column":7}},"type":"if","locations":[{"start":{"line":11,"column":6},"end":{"line":15,"column":7}},{"start":{"line":11,"column":6},"end":{"line":15,"column":7}}],"line":11}},"s":{"0":0,"1":0,"2":0,"3":0,"4":0,"5":0,"6":0,"7":0,"8":0,"9":0,"10":0,"11":0},"f":{"0":0,"1":0,"2":0,"3":0},"b":{"0":[0,0]}},"/home/qamar/Desktop/wrap/src/routes/postSetState.js":{"path":"/home/qamar/Desktop/wrap/src/routes/postSetState.js","statementMap":{"0":{"start":{"line":2,"column":16},"end":{"line":2,"column":46}},"1":{"start":{"line":3,"column":0},"end":{"line":18,"column":2}},"2":{"start":{"line":4,"column":13},"end":{"line":4,"column":15}},"3":{"start":{"line":5,"column":2},"end":{"line":7,"column":5}},"4":{"start":{"line":6,"column":4},"end":{"line":6,"column":18}},"5":{"start":{"line":8,"column":2},"end":{"line":17,"column":5}},"6":{"start":{"line":9,"column":4},"end":{"line":9,"column":28}},"7":{"start":{"line":10,"column":4},"end":{"line":16,"column":7}},"8":{"start":{"line":11,"column":6},"end":{"line":15,"column":7}},"9":{"start":{"line":12,"column":8},"end":{"line":12,"column":24}},"10":{"start":{"line":14,"column":8},"end":{"line":14,"column":30}}},"fnMap":{"0":{"name":"(anonymous_0)","decl":{"start":{"line":3,"column":17},"end":{"line":3,"column":18}},"loc":{"start":{"line":3,"column":37},"end":{"line":18,"column":1}},"line":3},"1":{"name":"(anonymous_1)","decl":{"start":{"line":5,"column":17},"end":{"line":5,"column":18}},"loc":{"start":{"line":5,"column":34},"end":{"line":7,"column":3}},"line":5},"2":{"name":"(anonymous_2)","decl":{"start":{"line":8,"column":16},"end":{"line":8,"column":17}},"loc":{"start":{"line":8,"column":28},"end":{"line":17,"column":3}},"line":8},"3":{"name":"(anonymous_3)","decl":{"start":{"line":10,"column":72},"end":{"line":10,"column":73}},"loc":{"start":{"line":10,"column":94},"end":{"line":16,"column":5}},"line":10}},"branchMap":{"0":{"loc":{"start":{"line":11,"column":6},"end":{"line":15,"column":7}},"type":"if","locations":[{"start":{"line":11,"column":6},"end":{"line":15,"column":7}},{"start":{"line":11,"column":6},"end":{"line":15,"column":7}}],"line":11}},"s":{"0":0,"1":0,"2":0,"3":0,"4":0,"5":0,"6":0,"7":0,"8":0,"9":0,"10":0},"f":{"0":0,"1":0,"2":0,"3":0},"b":{"0":[0,0]}},"/home/qamar/Desktop/wrap/src/routes/postSignup.js":{"path":"/home/qamar/Desktop/wrap/src/routes/postSignup.js","statementMap":{"0":{"start":{"line":1,"column":16},"end":{"line":1,"column":45}},"1":{"start":{"line":3,"column":0},"end":{"line":19,"column":2}},"2":{"start":{"line":4,"column":13},"end":{"line":4,"column":15}},"3":{"start":{"line":5,"column":2},"end":{"line":7,"column":5}},"4":{"start":{"line":6,"column":4},"end":{"line":6,"column":18}},"5":{"start":{"line":8,"column":2},"end":{"line":18,"column":5}},"6":{"start":{"line":9,"column":4},"end":{"line":9,"column":28}},"7":{"start":{"line":10,"column":4},"end":{"line":17,"column":7}},"8":{"start":{"line":11,"column":6},"end":{"line":16,"column":7}},"9":{"start":{"line":12,"column":8},"end":{"line":12,"column":30}},"10":{"start":{"line":14,"column":8},"end":{"line":14,"column":79}},"11":{"start":{"line":15,"column":8},"end":{"line":15,"column":25}}},"fnMap":{"0":{"name":"(anonymous_0)","decl":{"start":{"line":3,"column":17},"end":{"line":3,"column":18}},"loc":{"start":{"line":3,"column":37},"end":{"line":19,"column":1}},"line":3},"1":{"name":"(anonymous_1)","decl":{"start":{"line":5,"column":17},"end":{"line":5,"column":18}},"loc":{"start":{"line":5,"column":34},"end":{"line":7,"column":3}},"line":5},"2":{"name":"(anonymous_2)","decl":{"start":{"line":8,"column":16},"end":{"line":8,"column":17}},"loc":{"start":{"line":8,"column":28},"end":{"line":18,"column":3}},"line":8},"3":{"name":"(anonymous_3)","decl":{"start":{"line":10,"column":84},"end":{"line":10,"column":85}},"loc":{"start":{"line":10,"column":101},"end":{"line":17,"column":5}},"line":10}},"branchMap":{"0":{"loc":{"start":{"line":11,"column":6},"end":{"line":16,"column":7}},"type":"if","locations":[{"start":{"line":11,"column":6},"end":{"line":16,"column":7}},{"start":{"line":11,"column":6},"end":{"line":16,"column":7}}],"line":11}},"s":{"0":0,"1":0,"2":0,"3":0,"4":0,"5":0,"6":0,"7":0,"8":0,"9":0,"10":0,"11":0},"f":{"0":0,"1":0,"2":0,"3":0},"b":{"0":[0,0]}},"/home/qamar/Desktop/wrap/src/routes/routes.js":{"path":"/home/qamar/Desktop/wrap/src/routes/routes.js","statementMap":{"0":{"start":{"line":1,"column":0},"end":{"line":30,"column":2}}},"fnMap":{},"branchMap":{},"s":{"0":0},"f":{},"b":{}},"/home/qamar/Desktop/wrap/src/views/helpers/getDate.js":{"path":"/home/qamar/Desktop/wrap/src/views/helpers/getDate.js","statementMap":{},"fnMap":{},"branchMap":{},"s":{},"f":{},"b":{}},"/home/qamar/Desktop/wrap/src/views/helpers/index.js":{"path":"/home/qamar/Desktop/wrap/src/views/helpers/index.js","statementMap":{"0":{"start":{"line":1,"column":0},"end":{"line":3,"column":2}}},"fnMap":{},"branchMap":{},"s":{"0":0},"f":{},"b":{}}}